Arguments: 
  C:\Program Files\nodejs\node.exe C:\Program Files\nodejs\node_modules\yarn\bin\yarn.js add @types/node --dev

PATH: 
  C:\Program Files (x86)\NetSarang\Xshell 6\;C:\ProgramData\Oracle\Java\javapath;C:\WINDOWS\system32;C:\WINDOWS;C:\WINDOWS\System32\Wbem;C:\WINDOWS\System32\WindowsPowerShell\v1.0\;C:\WINDOWS\System32\OpenSSH\;D:\environment\Maven\apache-maven-3.6.3\bin;C:\Program Files\Java\jdk1.8.0_152\bin;C:\Program Files\Java\jdk1.8.0_152\jre\bin;C:\Program Files\Git\cmd;C:\Program Files (x86)\Tailscale IPN;C:\Users\csijun\AppData\Roaming\nvm;C:\Program Files\nodejs;C:\Program Files\Docker\Docker\resources\bin;C:\ProgramData\DockerDesktop\version-bin;C:\Users\csijun\AppData\Local\Microsoft\WindowsApps;C:\Program Files\Bandizip\;C:\Users\csijun\AppData\Roaming\nvm;C:\Program Files\nodejs;

Yarn version: 
  1.22.10

Node version: 
  15.5.0

Platform: 
  win32 x64

Trace: 
  Error: EPERM: operation not permitted, unlink 'E:\hbuilder\vue3-test\node_modules\esbuild\esbuild.exe'

npm manifest: 
  {
    "version": "0.0.0",
    "scripts": {
      "dev": "vite",
      "build": "vite build",
      "serve": "vite preview"
    },
    "dependencies": {
      "ant-design-vue": "^2.2.0-beta.6",
      "tailwindcss": "^2.2.4",
      "vue": "^3.0.5",
      "vue-router": "^4.0.10"
    },
    "devDependencies": {
      "@vitejs/plugin-vue": "^1.2.3",
      "@vue/compiler-sfc": "^3.0.5",
      "vite": "^2.3.8"
    }
  }

yarn manifest: 
  No manifest

Lockfile: 
  # THIS IS AN AUTOGENERATED FILE. DO NOT EDIT THIS FILE DIRECTLY.
  # yarn lockfile v1
  
  
  "@ant-design-vue/use@^0.0.1-0":
    "integrity" "sha1-FGl87Uqj5tdqYwCOh9v20+8+B9o="
    "resolved" "https://registry.nlark.com/@ant-design-vue/use/download/@ant-design-vue/use-0.0.1-alpha.10.tgz"
    "version" "0.0.1-alpha.10"
    dependencies:
      "async-validator" "^3.4.0"
      "lodash-es" "^4.17.15"
      "resize-observer-polyfill" "^1.5.1"
      "vue" "^3.0.0"
  
  "@ant-design/colors@^5.0.0":
    "integrity" "sha1-gAshhrHifmZDLmfQPtlq8+IdiUA="
    "resolved" "https://registry.npm.taobao.org/@ant-design/colors/download/@ant-design/colors-5.1.1.tgz"
    "version" "5.1.1"
    dependencies:
      "@ctrl/tinycolor" "^3.3.1"
  
  "@ant-design/icons-svg@^4.0.0":
    "integrity" "sha1-SAsCX0sg73/o9H1KSEbk/uhOoGw="
    "resolved" "https://registry.npm.taobao.org/@ant-design/icons-svg/download/@ant-design/icons-svg-4.1.0.tgz"
    "version" "4.1.0"
  
  "@ant-design/icons-vue@^6.0.0":
    "integrity" "sha1-nYBMPHTSz6+XyxjlgtO5QAk09f0="
    "resolved" "https://registry.npm.taobao.org/@ant-design/icons-vue/download/@ant-design/icons-vue-6.0.1.tgz?cache=0&sync_timestamp=1611990835390&other_urls=https%3A%2F%2Fregistry.npm.taobao.org%2F%40ant-design%2Ficons-vue%2Fdownload%2F%40ant-design%2Ficons-vue-6.0.1.tgz"
    "version" "6.0.1"
    dependencies:
      "@ant-design/colors" "^5.0.0"
      "@ant-design/icons-svg" "^4.0.0"
      "@types/lodash" "^4.14.165"
      "lodash" "^4.17.15"
  
  "@babel/code-frame@^7.0.0":
    "integrity" "sha1-I7CNdA6D9JxeWZRfvxtD6Au/Tts="
    "resolved" "https://registry.nlark.com/@babel/code-frame/download/@babel/code-frame-7.14.5.tgz?cache=0&sync_timestamp=1623280355998&other_urls=https%3A%2F%2Fregistry.nlark.com%2F%40babel%2Fcode-frame%2Fdownload%2F%40babel%2Fcode-frame-7.14.5.tgz"
    "version" "7.14.5"
    dependencies:
      "@babel/highlight" "^7.14.5"
  
  "@babel/helper-validator-identifier@^7.14.5":
    "integrity" "sha1-0PDid8US4Mk4J3+qhaOWjJpEwOg="
    "resolved" "https://registry.nlark.com/@babel/helper-validator-identifier/download/@babel/helper-validator-identifier-7.14.5.tgz?cache=0&sync_timestamp=1623280518972&other_urls=https%3A%2F%2Fregistry.nlark.com%2F%40babel%2Fhelper-validator-identifier%2Fdownload%2F%40babel%2Fhelper-validator-identifier-7.14.5.tgz"
    "version" "7.14.5"
  
  "@babel/highlight@^7.14.5":
    "integrity" "sha1-aGGlLwOWZAUAH2qlNKAaJNmejNk="
    "resolved" "https://registry.nlark.com/@babel/highlight/download/@babel/highlight-7.14.5.tgz"
    "version" "7.14.5"
    dependencies:
      "@babel/helper-validator-identifier" "^7.14.5"
      "chalk" "^2.0.0"
      "js-tokens" "^4.0.0"
  
  "@babel/parser@^7.12.0", "@babel/parser@^7.13.9":
    "integrity" "sha1-YJlyDIg5yoZaJjfmyFhS6tC9tZU="
    "resolved" "https://registry.nlark.com/@babel/parser/download/@babel/parser-7.14.7.tgz"
    "version" "7.14.7"
  
  "@babel/runtime@^7.10.5":
    "integrity" "sha1-U1IDvAiS78fexgvcJ7Ls9uQJBi0="
    "resolved" "https://registry.nlark.com/@babel/runtime/download/@babel/runtime-7.14.6.tgz"
    "version" "7.14.6"
    dependencies:
      "regenerator-runtime" "^0.13.4"
  
  "@babel/types@^7.12.0", "@babel/types@^7.13.0":
    "integrity" "sha1-O7mXuoKaIQTO2yBonEpbgSHTg/8="
    "resolved" "https://registry.nlark.com/@babel/types/download/@babel/types-7.14.5.tgz?cache=0&sync_timestamp=1623280355970&other_urls=https%3A%2F%2Fregistry.nlark.com%2F%40babel%2Ftypes%2Fdownload%2F%40babel%2Ftypes-7.14.5.tgz"
    "version" "7.14.5"
    dependencies:
      "@babel/helper-validator-identifier" "^7.14.5"
      "to-fast-properties" "^2.0.0"
  
  "@ctrl/tinycolor@^3.3.1":
    "integrity" "sha1-w8WuVDyJfKqcKmhjC+01W+X5mQ8="
    "resolved" "https://registry.npm.taobao.org/@ctrl/tinycolor/download/@ctrl/tinycolor-3.4.0.tgz"
    "version" "3.4.0"
  
  "@fullhuman/postcss-purgecss@^4.0.3":
    "integrity" "sha1-VdcXEuwceojg0bpfEM5/tqoFvrQ="
    "resolved" "https://registry.npm.taobao.org/@fullhuman/postcss-purgecss/download/@fullhuman/postcss-purgecss-4.0.3.tgz"
    "version" "4.0.3"
    dependencies:
      "purgecss" "^4.0.3"
  
  "@napi-rs/triples@^1.0.2":
    "integrity" "sha1-LOTGp4VoNYdyAI9WTuUAkJPSChk="
    "resolved" "https://registry.npm.taobao.org/@napi-rs/triples/download/@napi-rs/triples-1.0.2.tgz"
    "version" "1.0.2"
  
  "@node-rs/helper@^1.0.0":
    "integrity" "sha1-xyyfBFJ+5dZXAKxIQuPqIa0HFME="
    "resolved" "https://registry.nlark.com/@node-rs/helper/download/@node-rs/helper-1.2.0.tgz"
    "version" "1.2.0"
    dependencies:
      "@napi-rs/triples" "^1.0.2"
      "tslib" "^2.2.0"
  
  "@nodelib/fs.scandir@2.1.5":
    "integrity" "sha1-dhnC6yGyVIP20WdUi0z9WnSIw9U="
    "resolved" "https://registry.nlark.com/@nodelib/fs.scandir/download/@nodelib/fs.scandir-2.1.5.tgz"
    "version" "2.1.5"
    dependencies:
      "@nodelib/fs.stat" "2.0.5"
      "run-parallel" "^1.1.9"
  
  "@nodelib/fs.stat@^2.0.2", "@nodelib/fs.stat@2.0.5":
    "integrity" "sha1-W9Jir5Tp0lvR5xsF3u1Eh2oiLos="
    "resolved" "https://registry.nlark.com/@nodelib/fs.stat/download/@nodelib/fs.stat-2.0.5.tgz?cache=0&sync_timestamp=1622792772584&other_urls=https%3A%2F%2Fregistry.nlark.com%2F%40nodelib%2Ffs.stat%2Fdownload%2F%40nodelib%2Ffs.stat-2.0.5.tgz"
    "version" "2.0.5"
  
  "@nodelib/fs.walk@^1.2.3":
    "integrity" "sha1-lMI9sY7kZT4Smr0m+wb4cKyeHuI="
    "resolved" "https://registry.nlark.com/@nodelib/fs.walk/download/@nodelib/fs.walk-1.2.7.tgz"
    "version" "1.2.7"
    dependencies:
      "@nodelib/fs.scandir" "2.1.5"
      "fastq" "^1.6.0"
  
  "@simonwep/pickr@~1.8.0":
    "integrity" "sha1-4TbL2cNF3bt9cesUr1RMeYFl1JU="
    "resolved" "https://registry.nlark.com/@simonwep/pickr/download/@simonwep/pickr-1.8.1.tgz?cache=0&sync_timestamp=1620897298440&other_urls=https%3A%2F%2Fregistry.nlark.com%2F%40simonwep%2Fpickr%2Fdownload%2F%40simonwep%2Fpickr-1.8.1.tgz"
    "version" "1.8.1"
    dependencies:
      "core-js" "^3.12.1"
      "nanopop" "^2.1.0"
  
  "@swc/core-android-arm64@^1.2.61":
    "integrity" "sha1-g62qWarHYm6WRzyCyNPh2heG9io="
    "resolved" "https://registry.nlark.com/@swc/core-android-arm64/download/@swc/core-android-arm64-1.2.61.tgz?cache=0&sync_timestamp=1623828850561&other_urls=https%3A%2F%2Fregistry.nlark.com%2F%40swc%2Fcore-android-arm64%2Fdownload%2F%40swc%2Fcore-android-arm64-1.2.61.tgz"
    "version" "1.2.61"
  
  "@swc/core-darwin-arm64@^1.2.61":
    "integrity" "sha1-4LqLkcOdSKc8RpCW7vZG5XOOeTM="
    "resolved" "https://registry.nlark.com/@swc/core-darwin-arm64/download/@swc/core-darwin-arm64-1.2.61.tgz?cache=0&sync_timestamp=1623828850317&other_urls=https%3A%2F%2Fregistry.nlark.com%2F%40swc%2Fcore-darwin-arm64%2Fdownload%2F%40swc%2Fcore-darwin-arm64-1.2.61.tgz"
    "version" "1.2.61"
  
  "@swc/core-darwin-x64@^1.2.61":
    "integrity" "sha1-R/p2QenodFFSYhzUioyHF7daIoE="
    "resolved" "https://registry.nlark.com/@swc/core-darwin-x64/download/@swc/core-darwin-x64-1.2.61.tgz"
    "version" "1.2.61"
  
  "@swc/core-freebsd-x64@^1.2.61":
    "integrity" "sha1-Lhs8ZVOPFZXb5frTMX8FiWfrnRc="
    "resolved" "https://registry.nlark.com/@swc/core-freebsd-x64/download/@swc/core-freebsd-x64-1.2.61.tgz?cache=0&sync_timestamp=1623828850753&other_urls=https%3A%2F%2Fregistry.nlark.com%2F%40swc%2Fcore-freebsd-x64%2Fdownload%2F%40swc%2Fcore-freebsd-x64-1.2.61.tgz"
    "version" "1.2.61"
  
  "@swc/core-linux-arm-gnueabihf@^1.2.61":
    "integrity" "sha1-TIAfe/dC6X3L26ZLim5FIlHusQQ="
    "resolved" "https://registry.nlark.com/@swc/core-linux-arm-gnueabihf/download/@swc/core-linux-arm-gnueabihf-1.2.61.tgz?cache=0&sync_timestamp=1623828850132&other_urls=https%3A%2F%2Fregistry.nlark.com%2F%40swc%2Fcore-linux-arm-gnueabihf%2Fdownload%2F%40swc%2Fcore-linux-arm-gnueabihf-1.2.61.tgz"
    "version" "1.2.61"
  
  "@swc/core-linux-arm64-gnu@^1.2.61":
    "integrity" "sha1-oD4ZSe4QjIdwWboiSzPObcfpI8I="
    "resolved" "https://registry.nlark.com/@swc/core-linux-arm64-gnu/download/@swc/core-linux-arm64-gnu-1.2.61.tgz?cache=0&sync_timestamp=1623828849928&other_urls=https%3A%2F%2Fregistry.nlark.com%2F%40swc%2Fcore-linux-arm64-gnu%2Fdownload%2F%40swc%2Fcore-linux-arm64-gnu-1.2.61.tgz"
    "version" "1.2.61"
  
  "@swc/core-linux-arm64-musl@^1.2.61":
    "integrity" "sha1-vHOYx23AzCGG33etr+Xgx+m0NqU="
    "resolved" "https://registry.nlark.com/@swc/core-linux-arm64-musl/download/@swc/core-linux-arm64-musl-1.2.61.tgz?cache=0&sync_timestamp=1623828850917&other_urls=https%3A%2F%2Fregistry.nlark.com%2F%40swc%2Fcore-linux-arm64-musl%2Fdownload%2F%40swc%2Fcore-linux-arm64-musl-1.2.61.tgz"
    "version" "1.2.61"
  
  "@swc/core-linux-x64-gnu@^1.2.61":
    "integrity" "sha1-CxiTTJzC1L0Pq7nQ279mpIsQyYI="
    "resolved" "https://registry.nlark.com/@swc/core-linux-x64-gnu/download/@swc/core-linux-x64-gnu-1.2.61.tgz"
    "version" "1.2.61"
  
  "@swc/core-linux-x64-musl@^1.2.61":
    "integrity" "sha1-QOFms/h27PbFoLdE1n7VTFlAJXc="
    "resolved" "https://registry.nlark.com/@swc/core-linux-x64-musl/download/@swc/core-linux-x64-musl-1.2.61.tgz?cache=0&sync_timestamp=1623828849614&other_urls=https%3A%2F%2Fregistry.nlark.com%2F%40swc%2Fcore-linux-x64-musl%2Fdownload%2F%40swc%2Fcore-linux-x64-musl-1.2.61.tgz"
    "version" "1.2.61"
  
  "@swc/core-win32-arm64-msvc@^1.2.61":
    "integrity" "sha1-8oBK9ZIvz6lNyYdxyMy3mTwgO2Q="
    "resolved" "https://registry.nlark.com/@swc/core-win32-arm64-msvc/download/@swc/core-win32-arm64-msvc-1.2.61.tgz?cache=0&sync_timestamp=1623828851094&other_urls=https%3A%2F%2Fregistry.nlark.com%2F%40swc%2Fcore-win32-arm64-msvc%2Fdownload%2F%40swc%2Fcore-win32-arm64-msvc-1.2.61.tgz"
    "version" "1.2.61"
  
  "@swc/core-win32-ia32-msvc@^1.2.61":
    "integrity" "sha1-ePhKlzT0UAPrLwmJ7hBCuAhOFA8="
    "resolved" "https://registry.nlark.com/@swc/core-win32-ia32-msvc/download/@swc/core-win32-ia32-msvc-1.2.61.tgz?cache=0&sync_timestamp=1623828849773&other_urls=https%3A%2F%2Fregistry.nlark.com%2F%40swc%2Fcore-win32-ia32-msvc%2Fdownload%2F%40swc%2Fcore-win32-ia32-msvc-1.2.61.tgz"
    "version" "1.2.61"
  
  "@swc/core-win32-x64-msvc@^1.2.61":
    "integrity" "sha1-NobGTgn1AlfeM3OWcBWHIc6S/vw="
    "resolved" "https://registry.nlark.com/@swc/core-win32-x64-msvc/download/@swc/core-win32-x64-msvc-1.2.61.tgz"
    "version" "1.2.61"
  
  "@swc/core@>=1.2.45":
    "integrity" "sha1-yODN9i/v3tf6hjWBpc9S30ndwX4="
    "resolved" "https://registry.nlark.com/@swc/core/download/@swc/core-1.2.61.tgz?cache=0&sync_timestamp=1623828851488&other_urls=https%3A%2F%2Fregistry.nlark.com%2F%40swc%2Fcore%2Fdownload%2F%40swc%2Fcore-1.2.61.tgz"
    "version" "1.2.61"
    dependencies:
      "@node-rs/helper" "^1.0.0"
      "@swc/core-android-arm64" "^1.2.61"
      "@swc/core-darwin-arm64" "^1.2.61"
      "@swc/core-darwin-x64" "^1.2.61"
      "@swc/core-freebsd-x64" "^1.2.61"
      "@swc/core-linux-arm-gnueabihf" "^1.2.61"
      "@swc/core-linux-arm64-gnu" "^1.2.61"
      "@swc/core-linux-arm64-musl" "^1.2.61"
      "@swc/core-linux-x64-gnu" "^1.2.61"
      "@swc/core-linux-x64-musl" "^1.2.61"
      "@swc/core-win32-arm64-msvc" "^1.2.61"
      "@swc/core-win32-ia32-msvc" "^1.2.61"
      "@swc/core-win32-x64-msvc" "^1.2.61"
    optionalDependencies:
      "@swc/core-android-arm64" "^1.2.61"
      "@swc/core-darwin-arm64" "^1.2.61"
      "@swc/core-darwin-x64" "^1.2.61"
      "@swc/core-freebsd-x64" "^1.2.61"
      "@swc/core-linux-arm-gnueabihf" "^1.2.61"
      "@swc/core-linux-arm64-gnu" "^1.2.61"
      "@swc/core-linux-arm64-musl" "^1.2.61"
      "@swc/core-linux-x64-gnu" "^1.2.61"
      "@swc/core-linux-x64-musl" "^1.2.61"
      "@swc/core-win32-arm64-msvc" "^1.2.61"
      "@swc/core-win32-ia32-msvc" "^1.2.61"
      "@swc/core-win32-x64-msvc" "^1.2.61"
  
  "@swc/wasm@>=1.2.45":
    "integrity" "sha1-tIwPOgK0f18xTMQj+MH2l7nBZWI="
    "resolved" "https://registry.nlark.com/@swc/wasm/download/@swc/wasm-1.2.61.tgz?cache=0&sync_timestamp=1623827548624&other_urls=https%3A%2F%2Fregistry.nlark.com%2F%40swc%2Fwasm%2Fdownload%2F%40swc%2Fwasm-1.2.61.tgz"
    "version" "1.2.61"
  
  "@tsconfig/node10@^1.0.7":
    "integrity" "sha1-weToDW+WT77LM1nEO9SLQPfK2tk="
    "resolved" "https://registry.nlark.com/@tsconfig/node10/download/@tsconfig/node10-1.0.8.tgz?cache=0&sync_timestamp=1623230253873&other_urls=https%3A%2F%2Fregistry.nlark.com%2F%40tsconfig%2Fnode10%2Fdownload%2F%40tsconfig%2Fnode10-1.0.8.tgz"
    "version" "1.0.8"
  
  "@tsconfig/node12@^1.0.7":
    "integrity" "sha1-YsH23uLr2a6tgNw6+laBDljhoEw="
    "resolved" "https://registry.nlark.com/@tsconfig/node12/download/@tsconfig/node12-1.0.9.tgz"
    "version" "1.0.9"
  
  "@tsconfig/node14@^1.0.0":
    "integrity" "sha1-lfLRZ/+5uNIGiwsjUwL6/U33EfI="
    "resolved" "https://registry.nlark.com/@tsconfig/node14/download/@tsconfig/node14-1.0.1.tgz?cache=0&sync_timestamp=1623230252928&other_urls=https%3A%2F%2Fregistry.nlark.com%2F%40tsconfig%2Fnode14%2Fdownload%2F%40tsconfig%2Fnode14-1.0.1.tgz"
    "version" "1.0.1"
  
  "@tsconfig/node16@^1.0.1":
    "integrity" "sha1-pspqmg/zZq9DP0L18OEkeU/2uPE="
    "resolved" "https://registry.nlark.com/@tsconfig/node16/download/@tsconfig/node16-1.0.1.tgz"
    "version" "1.0.1"
  
  "@types/estree@^0.0.48":
    "integrity" "sha1-GNyAkbKF35DbLyWqfZBs/DlLf3Q="
    "resolved" "https://registry.nlark.com/@types/estree/download/@types/estree-0.0.48.tgz?cache=0&sync_timestamp=1622612050840&other_urls=https%3A%2F%2Fregistry.nlark.com%2F%40types%2Festree%2Fdownload%2F%40types%2Festree-0.0.48.tgz"
    "version" "0.0.48"
  
  "@types/lodash@^4.14.165":
    "integrity" "sha1-DWdxHUv39MpRR+kJG4R0ebh5JdY="
    "resolved" "https://registry.nlark.com/@types/lodash/download/@types/lodash-4.14.170.tgz?cache=0&sync_timestamp=1621593293742&other_urls=https%3A%2F%2Fregistry.nlark.com%2F%40types%2Flodash%2Fdownload%2F%40types%2Flodash-4.14.170.tgz"
    "version" "4.14.170"
  
  "@types/node@*":
    "integrity" "sha1-4c+BfXCh4RjoGSLE/2aDzp1CLiY="
    "resolved" "https://registry.nlark.com/@types/node/download/@types/node-15.12.4.tgz?cache=0&sync_timestamp=1624437151657&other_urls=https%3A%2F%2Fregistry.nlark.com%2F%40types%2Fnode%2Fdownload%2F%40types%2Fnode-15.12.4.tgz"
    "version" "15.12.4"
  
  "@types/parse-json@^4.0.0":
    "integrity" "sha1-L4u0QUNNFjs1+4/9zNcTiSf/uMA="
    "resolved" "https://registry.nlark.com/@types/parse-json/download/@types/parse-json-4.0.0.tgz?cache=0&sync_timestamp=1621242198435&other_urls=https%3A%2F%2Fregistry.nlark.com%2F%40types%2Fparse-json%2Fdownload%2F%40types%2Fparse-json-4.0.0.tgz"
    "version" "4.0.0"
  
  "@vitejs/plugin-vue@^1.2.3":
    "integrity" "sha1-Lo4AixzDpq0d++x1dDx//ZtIcqY="
    "resolved" "https://registry.nlark.com/@vitejs/plugin-vue/download/@vitejs/plugin-vue-1.2.3.tgz"
    "version" "1.2.3"
  
  "@vue/compiler-core@3.1.2":
    "integrity" "sha1-MasdiOFwalx6VF+u62TDG9AQHbA="
    "resolved" "https://registry.nlark.com/@vue/compiler-core/download/@vue/compiler-core-3.1.2.tgz?cache=0&sync_timestamp=1624387065757&other_urls=https%3A%2F%2Fregistry.nlark.com%2F%40vue%2Fcompiler-core%2Fdownload%2F%40vue%2Fcompiler-core-3.1.2.tgz"
    "version" "3.1.2"
    dependencies:
      "@babel/parser" "^7.12.0"
      "@babel/types" "^7.12.0"
      "@vue/shared" "3.1.2"
      "estree-walker" "^2.0.1"
      "source-map" "^0.6.1"
  
  "@vue/compiler-dom@3.1.2":
    "integrity" "sha1-dadzG8xdlxgYOjxWwY6ZL3wT57E="
    "resolved" "https://registry.nlark.com/@vue/compiler-dom/download/@vue/compiler-dom-3.1.2.tgz?cache=0&sync_timestamp=1624387065978&other_urls=https%3A%2F%2Fregistry.nlark.com%2F%40vue%2Fcompiler-dom%2Fdownload%2F%40vue%2Fcompiler-dom-3.1.2.tgz"
    "version" "3.1.2"
    dependencies:
      "@vue/compiler-core" "3.1.2"
      "@vue/shared" "3.1.2"
  
  "@vue/compiler-sfc@^3.0.5", "@vue/compiler-sfc@^3.0.8", "@vue/compiler-sfc@>=3.1.0":
    "integrity" "sha1-I/8eNm2Ie5ZImVaL/8sR49BRH8Q="
    "resolved" "https://registry.nlark.com/@vue/compiler-sfc/download/@vue/compiler-sfc-3.1.2.tgz?cache=0&sync_timestamp=1624387062493&other_urls=https%3A%2F%2Fregistry.nlark.com%2F%40vue%2Fcompiler-sfc%2Fdownload%2F%40vue%2Fcompiler-sfc-3.1.2.tgz"
    "version" "3.1.2"
    dependencies:
      "@babel/parser" "^7.13.9"
      "@babel/types" "^7.13.0"
      "@types/estree" "^0.0.48"
      "@vue/compiler-core" "3.1.2"
      "@vue/compiler-dom" "3.1.2"
      "@vue/compiler-ssr" "3.1.2"
      "@vue/shared" "3.1.2"
      "consolidate" "^0.16.0"
      "estree-walker" "^2.0.1"
      "hash-sum" "^2.0.0"
      "lru-cache" "^5.1.1"
      "magic-string" "^0.25.7"
      "merge-source-map" "^1.1.0"
      "postcss" "^8.1.10"
      "postcss-modules" "^4.0.0"
      "postcss-selector-parser" "^6.0.4"
      "source-map" "^0.6.1"
  
  "@vue/compiler-ssr@3.1.2":
    "integrity" "sha1-4zrQh22blvCVDiKw4XS5TBsEnS0="
    "resolved" "https://registry.nlark.com/@vue/compiler-ssr/download/@vue/compiler-ssr-3.1.2.tgz?cache=0&sync_timestamp=1624387062704&other_urls=https%3A%2F%2Fregistry.nlark.com%2F%40vue%2Fcompiler-ssr%2Fdownload%2F%40vue%2Fcompiler-ssr-3.1.2.tgz"
    "version" "3.1.2"
    dependencies:
      "@vue/compiler-dom" "3.1.2"
      "@vue/shared" "3.1.2"
  
  "@vue/devtools-api@^6.0.0-beta.14":
    "integrity" "sha1-btLW+NZqklbJrQS//wgwm6h7lyM="
    "resolved" "https://registry.nlark.com/@vue/devtools-api/download/@vue/devtools-api-6.0.0-beta.14.tgz"
    "version" "6.0.0-beta.14"
  
  "@vue/reactivity@3.1.2":
    "integrity" "sha1-ZvpTDdcm0v7yha5V0CEGpyfbRjs="
    "resolved" "https://registry.nlark.com/@vue/reactivity/download/@vue/reactivity-3.1.2.tgz?cache=0&sync_timestamp=1624387250159&other_urls=https%3A%2F%2Fregistry.nlark.com%2F%40vue%2Freactivity%2Fdownload%2F%40vue%2Freactivity-3.1.2.tgz"
    "version" "3.1.2"
    dependencies:
      "@vue/shared" "3.1.2"
  
  "@vue/runtime-core@3.1.2":
    "integrity" "sha1-9NvFA8/JoCq18evgAsMyJRIGSlQ="
    "resolved" "https://registry.nlark.com/@vue/runtime-core/download/@vue/runtime-core-3.1.2.tgz?cache=0&sync_timestamp=1624387067020&other_urls=https%3A%2F%2Fregistry.nlark.com%2F%40vue%2Fruntime-core%2Fdownload%2F%40vue%2Fruntime-core-3.1.2.tgz"
    "version" "3.1.2"
    dependencies:
      "@vue/reactivity" "3.1.2"
      "@vue/shared" "3.1.2"
  
  "@vue/runtime-dom@3.1.2":
    "integrity" "sha1-D9hyTxS8e6ZLbJVNh0qNik/LX+k="
    "resolved" "https://registry.nlark.com/@vue/runtime-dom/download/@vue/runtime-dom-3.1.2.tgz?cache=0&sync_timestamp=1624387063672&other_urls=https%3A%2F%2Fregistry.nlark.com%2F%40vue%2Fruntime-dom%2Fdownload%2F%40vue%2Fruntime-dom-3.1.2.tgz"
    "version" "3.1.2"
    dependencies:
      "@vue/runtime-core" "3.1.2"
      "@vue/shared" "3.1.2"
      "csstype" "^2.6.8"
  
  "@vue/shared@3.1.2":
    "integrity" "sha1-EGnAvH1vS9FczzpfO+KUUKyjaPk="
    "resolved" "https://registry.nlark.com/@vue/shared/download/@vue/shared-3.1.2.tgz"
    "version" "3.1.2"
  
  "acorn-node@^1.6.1":
    "integrity" "sha1-EUyV1kU55T3t4j3oudlt98euKvg="
    "resolved" "https://registry.npm.taobao.org/acorn-node/download/acorn-node-1.8.2.tgz"
    "version" "1.8.2"
    dependencies:
      "acorn" "^7.0.0"
      "acorn-walk" "^7.0.0"
      "xtend" "^4.0.2"
  
  "acorn-walk@^7.0.0":
    "integrity" "sha1-DeiJpgEgOQmw++B7iTjcIdLpZ7w="
    "resolved" "https://registry.nlark.com/acorn-walk/download/acorn-walk-7.2.0.tgz"
    "version" "7.2.0"
  
  "acorn@^7.0.0":
    "integrity" "sha1-/q7SVZc9LndVW4PbwIhRpsY1IPo="
    "resolved" "https://registry.nlark.com/acorn/download/acorn-7.4.1.tgz"
    "version" "7.4.1"
  
  "ansi-styles@^3.2.1":
    "integrity" "sha1-QfuyAkPlCxK+DwS43tvwdSDOhB0="
    "resolved" "https://registry.nlark.com/ansi-styles/download/ansi-styles-3.2.1.tgz?cache=0&sync_timestamp=1618995588464&other_urls=https%3A%2F%2Fregistry.nlark.com%2Fansi-styles%2Fdownload%2Fansi-styles-3.2.1.tgz"
    "version" "3.2.1"
    dependencies:
      "color-convert" "^1.9.0"
  
  "ansi-styles@^4.1.0":
    "integrity" "sha1-7dgDYornHATIWuegkG7a00tkiTc="
    "resolved" "https://registry.nlark.com/ansi-styles/download/ansi-styles-4.3.0.tgz?cache=0&sync_timestamp=1618995588464&other_urls=https%3A%2F%2Fregistry.nlark.com%2Fansi-styles%2Fdownload%2Fansi-styles-4.3.0.tgz"
    "version" "4.3.0"
    dependencies:
      "color-convert" "^2.0.1"
  
  "ant-design-vue@^2.2.0-beta.6":
    "integrity" "sha1-FLILx3I9n8YoyHhw7l6kt4oiD40="
    "resolved" "https://registry.nlark.com/ant-design-vue/download/ant-design-vue-2.2.0-beta.6.tgz?cache=0&sync_timestamp=1624689320631&other_urls=https%3A%2F%2Fregistry.nlark.com%2Fant-design-vue%2Fdownload%2Fant-design-vue-2.2.0-beta.6.tgz"
    "version" "2.2.0-beta.6"
    dependencies:
      "@ant-design-vue/use" "^0.0.1-0"
      "@ant-design/icons-vue" "^6.0.0"
      "@babel/runtime" "^7.10.5"
      "@simonwep/pickr" "~1.8.0"
      "array-tree-filter" "^2.1.0"
      "async-validator" "^3.3.0"
      "dom-align" "^1.12.1"
      "dom-scroll-into-view" "^2.0.0"
      "lodash" "^4.17.21"
      "lodash-es" "^4.17.15"
      "moment" "^2.27.0"
      "omit.js" "^2.0.0"
      "scroll-into-view-if-needed" "^2.2.25"
      "shallow-equal" "^1.0.0"
      "vue-types" "^3.0.0"
      "warning" "^4.0.0"
  
  "anymatch@~3.1.2":
    "integrity" "sha1-wFV8CWrzLxBhmPT04qODU343hxY="
    "resolved" "https://registry.npm.taobao.org/anymatch/download/anymatch-3.1.2.tgz"
    "version" "3.1.2"
    dependencies:
      "normalize-path" "^3.0.0"
      "picomatch" "^2.0.4"
  
  "arg@^4.1.0":
    "integrity" "sha1-Jp/HrVuOQstjyJbVZmAXJhwUQIk="
    "resolved" "https://registry.nlark.com/arg/download/arg-4.1.3.tgz?cache=0&sync_timestamp=1618847141770&other_urls=https%3A%2F%2Fregistry.nlark.com%2Farg%2Fdownload%2Farg-4.1.3.tgz"
    "version" "4.1.3"
  
  "arg@^5.0.0":
    "integrity" "sha1-og4rtXEOgpUKUWs/kz/uXtR4vpA="
    "resolved" "https://registry.nlark.com/arg/download/arg-5.0.0.tgz?cache=0&sync_timestamp=1618847141770&other_urls=https%3A%2F%2Fregistry.nlark.com%2Farg%2Fdownload%2Farg-5.0.0.tgz"
    "version" "5.0.0"
  
  "array-tree-filter@^2.1.0":
    "integrity" "sha1-hzrAD+yDdJ8lWsjdCDgUtPYykZA="
    "resolved" "https://registry.npm.taobao.org/array-tree-filter/download/array-tree-filter-2.1.0.tgz"
    "version" "2.1.0"
  
  "async-validator@^3.3.0", "async-validator@^3.4.0":
    "integrity" "sha1-aOhmqWgk6LJpT/eoMcGiXETV5QA="
    "resolved" "https://registry.nlark.com/async-validator/download/async-validator-3.5.2.tgz?cache=0&sync_timestamp=1619755921381&other_urls=https%3A%2F%2Fregistry.nlark.com%2Fasync-validator%2Fdownload%2Fasync-validator-3.5.2.tgz"
    "version" "3.5.2"
  
  "autoprefixer@^10.0.2":
    "integrity" "sha1-qt2ew04cmNQD4BlQA4BJ8OslKUk="
    "resolved" "https://registry.nlark.com/autoprefixer/download/autoprefixer-10.2.6.tgz"
    "version" "10.2.6"
    dependencies:
      "browserslist" "^4.16.6"
      "caniuse-lite" "^1.0.30001230"
      "colorette" "^1.2.2"
      "fraction.js" "^4.1.1"
      "normalize-range" "^0.1.2"
      "postcss-value-parser" "^4.1.0"
  
  "balanced-match@^1.0.0":
    "integrity" "sha1-6D46fj8wCzTLnYf2FfoMvzV2kO4="
    "resolved" "https://registry.npm.taobao.org/balanced-match/download/balanced-match-1.0.2.tgz?cache=0&other_urls=https%3A%2F%2Fregistry.npm.taobao.org%2Fbalanced-match%2Fdownload%2Fbalanced-match-1.0.2.tgz"
    "version" "1.0.2"
  
  "big.js@^5.2.2":
    "integrity" "sha1-ZfCvOC9Xi83HQr2cKB6cstd2gyg="
    "resolved" "https://registry.nlark.com/big.js/download/big.js-5.2.2.tgz"
    "version" "5.2.2"
  
  "binary-extensions@^2.0.0":
    "integrity" "sha1-dfUC7q+f/eQvyYgpZFvk6na9ni0="
    "resolved" "https://registry.npm.taobao.org/binary-extensions/download/binary-extensions-2.2.0.tgz"
    "version" "2.2.0"
  
  "bluebird@^3.7.2":
    "integrity" "sha1-nyKcFb4nJFT/qXOs4NvueaGww28="
    "resolved" "https://registry.nlark.com/bluebird/download/bluebird-3.7.2.tgz"
    "version" "3.7.2"
  
  "brace-expansion@^1.1.7":
    "integrity" "sha1-PH/L9SnYcibz0vUrlm/1Jx60Qd0="
    "resolved" "https://registry.npm.taobao.org/brace-expansion/download/brace-expansion-1.1.11.tgz?cache=0&sync_timestamp=1614010709807&other_urls=https%3A%2F%2Fregistry.npm.taobao.org%2Fbrace-expansion%2Fdownload%2Fbrace-expansion-1.1.11.tgz"
    "version" "1.1.11"
    dependencies:
      "balanced-match" "^1.0.0"
      "concat-map" "0.0.1"
  
  "braces@^3.0.1", "braces@~3.0.2":
    "integrity" "sha1-NFThpGLujVmeI23zNs2epPiv4Qc="
    "resolved" "https://registry.npm.taobao.org/braces/download/braces-3.0.2.tgz"
    "version" "3.0.2"
    dependencies:
      "fill-range" "^7.0.1"
  
  "browserslist@^4.16.6":
    "integrity" "sha1-15ASd6WojlVO0wWxg+ybDAj2b6I="
    "resolved" "https://registry.nlark.com/browserslist/download/browserslist-4.16.6.tgz?cache=0&sync_timestamp=1619789101558&other_urls=https%3A%2F%2Fregistry.nlark.com%2Fbrowserslist%2Fdownload%2Fbrowserslist-4.16.6.tgz"
    "version" "4.16.6"
    dependencies:
      "caniuse-lite" "^1.0.30001219"
      "colorette" "^1.2.2"
      "electron-to-chromium" "^1.3.723"
      "escalade" "^3.1.1"
      "node-releases" "^1.1.71"
  
  "buffer-from@^1.0.0":
    "integrity" "sha1-MnE7wCj3XAL9txDXx7zsHyxgcO8="
    "resolved" "https://registry.npm.taobao.org/buffer-from/download/buffer-from-1.1.1.tgz"
    "version" "1.1.1"
  
  "bytes@^3.0.0":
    "integrity" "sha1-9s95M6Ng4FiPqf3oVlHNx/gF0fY="
    "resolved" "https://registry.npm.taobao.org/bytes/download/bytes-3.1.0.tgz"
    "version" "3.1.0"
  
  "callsites@^3.0.0":
    "integrity" "sha1-s2MKvYlDQy9Us/BRkjjjPNffL3M="
    "resolved" "https://registry.npm.taobao.org/callsites/download/callsites-3.1.0.tgz"
    "version" "3.1.0"
  
  "camelcase-css@^2.0.1":
    "integrity" "sha1-7pePaUeRTMMMa0R0G27R338EP9U="
    "resolved" "https://registry.npm.taobao.org/camelcase-css/download/camelcase-css-2.0.1.tgz"
    "version" "2.0.1"
  
  "caniuse-lite@^1.0.30001219", "caniuse-lite@^1.0.30001230":
    "integrity" "sha1-7BXRJbWQYCyHMVRcU1H/BUrS1S8="
    "resolved" "https://registry.nlark.com/caniuse-lite/download/caniuse-lite-1.0.30001240.tgz?cache=0&sync_timestamp=1624686622197&other_urls=https%3A%2F%2Fregistry.nlark.com%2Fcaniuse-lite%2Fdownload%2Fcaniuse-lite-1.0.30001240.tgz"
    "version" "1.0.30001240"
  
  "chalk@^2.0.0":
    "integrity" "sha1-zUJUFnelQzPPVBpJEIwUMrRMlCQ="
    "resolved" "https://registry.nlark.com/chalk/download/chalk-2.4.2.tgz"
    "version" "2.4.2"
    dependencies:
      "ansi-styles" "^3.2.1"
      "escape-string-regexp" "^1.0.5"
      "supports-color" "^5.3.0"
  
  "chalk@^4.1.1":
    "integrity" "sha1-yAs/qyi/Y3HmhjMl7uZ+YYt35q0="
    "resolved" "https://registry.nlark.com/chalk/download/chalk-4.1.1.tgz"
    "version" "4.1.1"
    dependencies:
      "ansi-styles" "^4.1.0"
      "supports-color" "^7.1.0"
  
  "chokidar@^3.5.2":
    "integrity" "sha1-26OXb8rbAW9m/TZQIdkWANAcHnU="
    "resolved" "https://registry.nlark.com/chokidar/download/chokidar-3.5.2.tgz"
    "version" "3.5.2"
    dependencies:
      "anymatch" "~3.1.2"
      "braces" "~3.0.2"
      "fsevents" "~2.3.2"
      "glob-parent" "~5.1.2"
      "is-binary-path" "~2.1.0"
      "is-glob" "~4.0.1"
      "normalize-path" "~3.0.0"
      "readdirp" "~3.6.0"
    optionalDependencies:
      "fsevents" "~2.3.2"
  
  "color-convert@^1.9.0":
    "integrity" "sha1-u3GFBpDh8TZWfeYp0tVHHe2kweg="
    "resolved" "https://registry.npm.taobao.org/color-convert/download/color-convert-1.9.3.tgz"
    "version" "1.9.3"
    dependencies:
      "color-name" "1.1.3"
  
  "color-convert@^1.9.1":
    "integrity" "sha1-u3GFBpDh8TZWfeYp0tVHHe2kweg="
    "resolved" "https://registry.npm.taobao.org/color-convert/download/color-convert-1.9.3.tgz"
    "version" "1.9.3"
    dependencies:
      "color-name" "1.1.3"
  
  "color-convert@^2.0.1":
    "integrity" "sha1-ctOmjVmMm9s68q0ehPIdiWq9TeM="
    "resolved" "https://registry.npm.taobao.org/color-convert/download/color-convert-2.0.1.tgz"
    "version" "2.0.1"
    dependencies:
      "color-name" "~1.1.4"
  
  "color-name@^1.0.0", "color-name@~1.1.4":
    "integrity" "sha1-wqCah6y95pVD3m9j+jmVyCbFNqI="
    "resolved" "https://registry.npm.taobao.org/color-name/download/color-name-1.1.4.tgz"
    "version" "1.1.4"
  
  "color-name@1.1.3":
    "integrity" "sha1-p9BVi9icQveV3UIyj3QIMcpTvCU="
    "resolved" "https://registry.npm.taobao.org/color-name/download/color-name-1.1.3.tgz"
    "version" "1.1.3"
  
  "color-string@^1.5.4":
    "integrity" "sha1-ZUdKjw50OWJfPSemoZ2J/EUiMBQ="
    "resolved" "https://registry.npm.taobao.org/color-string/download/color-string-1.5.5.tgz?cache=0&sync_timestamp=1614967243349&other_urls=https%3A%2F%2Fregistry.npm.taobao.org%2Fcolor-string%2Fdownload%2Fcolor-string-1.5.5.tgz"
    "version" "1.5.5"
    dependencies:
      "color-name" "^1.0.0"
      "simple-swizzle" "^0.2.2"
  
  "color@^3.1.3":
    "integrity" "sha1-ymf7TnuX1hHc3jns7tQiBn2RWW4="
    "resolved" "https://registry.npm.taobao.org/color/download/color-3.1.3.tgz"
    "version" "3.1.3"
    dependencies:
      "color-convert" "^1.9.1"
      "color-string" "^1.5.4"
  
  "colorette@^1.2.2":
    "integrity" "sha1-y8x51emcrqLb8Q6zom/Ys+as+pQ="
    "resolved" "https://registry.nlark.com/colorette/download/colorette-1.2.2.tgz?cache=0&sync_timestamp=1618847174680&other_urls=https%3A%2F%2Fregistry.nlark.com%2Fcolorette%2Fdownload%2Fcolorette-1.2.2.tgz"
    "version" "1.2.2"
  
  "commander@^6.0.0":
    "integrity" "sha1-B5LraC37wyWZm7K4T93duhEKxzw="
    "resolved" "https://registry.nlark.com/commander/download/commander-6.2.1.tgz?cache=0&sync_timestamp=1624609570521&other_urls=https%3A%2F%2Fregistry.nlark.com%2Fcommander%2Fdownload%2Fcommander-6.2.1.tgz"
    "version" "6.2.1"
  
  "compute-scroll-into-view@^1.0.17":
    "integrity" "sha1-aojxis2dQunPS6pr7H4FImB6t6s="
    "resolved" "https://registry.npm.taobao.org/compute-scroll-into-view/download/compute-scroll-into-view-1.0.17.tgz?cache=0&sync_timestamp=1614042424875&other_urls=https%3A%2F%2Fregistry.npm.taobao.org%2Fcompute-scroll-into-view%2Fdownload%2Fcompute-scroll-into-view-1.0.17.tgz"
    "version" "1.0.17"
  
  "concat-map@0.0.1":
    "integrity" "sha1-2Klr13/Wjfd5OnMDajug1UBdR3s="
    "resolved" "https://registry.npm.taobao.org/concat-map/download/concat-map-0.0.1.tgz"
    "version" "0.0.1"
  
  "consolidate@^0.16.0":
    "integrity" "sha1-oRhkdokw8vGUMWYKZZBmaPX73BY="
    "resolved" "https://registry.nlark.com/consolidate/download/consolidate-0.16.0.tgz"
    "version" "0.16.0"
    dependencies:
      "bluebird" "^3.7.2"
  
  "core-js@^3.12.1":
    "integrity" "sha1-bAiriKvfVlRQRcz1/YH0f0B+fxo="
    "resolved" "https://registry.nlark.com/core-js/download/core-js-3.15.1.tgz?cache=0&sync_timestamp=1624386897006&other_urls=https%3A%2F%2Fregistry.nlark.com%2Fcore-js%2Fdownload%2Fcore-js-3.15.1.tgz"
    "version" "3.15.1"
  
  "cosmiconfig@^7.0.0":
    "integrity" "sha1-75tE13OVnK5j3ezRIt4jhTtg+NM="
    "resolved" "https://registry.nlark.com/cosmiconfig/download/cosmiconfig-7.0.0.tgz?cache=0&sync_timestamp=1618846820697&other_urls=https%3A%2F%2Fregistry.nlark.com%2Fcosmiconfig%2Fdownload%2Fcosmiconfig-7.0.0.tgz"
    "version" "7.0.0"
    dependencies:
      "@types/parse-json" "^4.0.0"
      "import-fresh" "^3.2.1"
      "parse-json" "^5.0.0"
      "path-type" "^4.0.0"
      "yaml" "^1.10.0"
  
  "create-require@^1.1.0":
    "integrity" "sha1-wdfo8eX2z8n/ZfnNNS03NIdWwzM="
    "resolved" "https://registry.npm.taobao.org/create-require/download/create-require-1.1.1.tgz"
    "version" "1.1.1"
  
  "css-unit-converter@^1.1.1":
    "integrity" "sha1-THf1oZVObb/2BpXsshTjJwQ2qyE="
    "resolved" "https://registry.npm.taobao.org/css-unit-converter/download/css-unit-converter-1.1.2.tgz"
    "version" "1.1.2"
  
  "cssesc@^3.0.0":
    "integrity" "sha1-N3QZGZA7hoVl4cCep0dEXNGJg+4="
    "resolved" "https://registry.npm.taobao.org/cssesc/download/cssesc-3.0.0.tgz"
    "version" "3.0.0"
  
  "csstype@^2.6.8":
    "integrity" "sha1-TPMOuH4dGgBdi2UQ+VKSQT9qHA4="
    "resolved" "https://registry.nlark.com/csstype/download/csstype-2.6.17.tgz?cache=0&sync_timestamp=1618818393132&other_urls=https%3A%2F%2Fregistry.nlark.com%2Fcsstype%2Fdownload%2Fcsstype-2.6.17.tgz"
    "version" "2.6.17"
  
  "defined@^1.0.0":
    "integrity" "sha1-yY2bzvdWdBiOEQlpFRGZ45sfppM="
    "resolved" "https://registry.nlark.com/defined/download/defined-1.0.0.tgz"
    "version" "1.0.0"
  
  "detective@^5.2.0":
    "integrity" "sha1-/rKnfoW5BOzepFmtiXzJCpm9Kns="
    "resolved" "https://registry.npm.taobao.org/detective/download/detective-5.2.0.tgz"
    "version" "5.2.0"
    dependencies:
      "acorn-node" "^1.6.1"
      "defined" "^1.0.0"
      "minimist" "^1.1.1"
  
  "didyoumean@^1.2.1":
    "integrity" "sha1-mJNG/+noObRVXs9WZu3qDT6K0Dc="
    "resolved" "https://registry.nlark.com/didyoumean/download/didyoumean-1.2.2.tgz"
    "version" "1.2.2"
  
  "diff@^4.0.1":
    "integrity" "sha1-YPOuy4nV+uUgwRqhnvwruYKq3n0="
    "resolved" "https://registry.nlark.com/diff/download/diff-4.0.2.tgz"
    "version" "4.0.2"
  
  "dlv@^1.1.3":
    "integrity" "sha1-XBmKihFFNZbnUUlNSYdLx3MvLnk="
    "resolved" "https://registry.npm.taobao.org/dlv/download/dlv-1.1.3.tgz"
    "version" "1.1.3"
  
  "dom-align@^1.12.1":
    "integrity" "sha1-D4Fk69DJwhsMeQMQSTzYVYkqzUs="
    "resolved" "https://registry.nlark.com/dom-align/download/dom-align-1.12.2.tgz?cache=0&sync_timestamp=1621853230649&other_urls=https%3A%2F%2Fregistry.nlark.com%2Fdom-align%2Fdownload%2Fdom-align-1.12.2.tgz"
    "version" "1.12.2"
  
  "dom-scroll-into-view@^2.0.0":
    "integrity" "sha1-DezIUigB/Y0/HGujVadNOCxfmJs="
    "resolved" "https://registry.npm.taobao.org/dom-scroll-into-view/download/dom-scroll-into-view-2.0.1.tgz"
    "version" "2.0.1"
  
  "electron-to-chromium@^1.3.723":
    "integrity" "sha1-sNZS03aDFHCkwjC6ch2iQnv7mWo="
    "resolved" "https://registry.nlark.com/electron-to-chromium/download/electron-to-chromium-1.3.759.tgz?cache=0&sync_timestamp=1624658593703&other_urls=https%3A%2F%2Fregistry.nlark.com%2Felectron-to-chromium%2Fdownload%2Felectron-to-chromium-1.3.759.tgz"
    "version" "1.3.759"
  
  "emojis-list@^3.0.0":
    "integrity" "sha1-VXBmIEatKeLpFucariYKvf9Pang="
    "resolved" "https://registry.nlark.com/emojis-list/download/emojis-list-3.0.0.tgz"
    "version" "3.0.0"
  
  "error-ex@^1.3.1":
    "integrity" "sha1-tKxAZIEH/c3PriQvQovqihTU8b8="
    "resolved" "https://registry.npm.taobao.org/error-ex/download/error-ex-1.3.2.tgz"
    "version" "1.3.2"
    dependencies:
      "is-arrayish" "^0.2.1"
  
  "esbuild@^0.12.8":
    "integrity" "sha1-vtTnCHwobNgdl1Yx931H/rFmAHA="
    "resolved" "https://registry.nlark.com/esbuild/download/esbuild-0.12.9.tgz?cache=0&sync_timestamp=1623821258398&other_urls=https%3A%2F%2Fregistry.nlark.com%2Fesbuild%2Fdownload%2Fesbuild-0.12.9.tgz"
    "version" "0.12.9"
  
  "escalade@^3.1.1":
    "integrity" "sha1-2M/ccACWXFoBdLSoLqpcBVJ0LkA="
    "resolved" "https://registry.npm.taobao.org/escalade/download/escalade-3.1.1.tgz?cache=0&sync_timestamp=1602567224085&other_urls=https%3A%2F%2Fregistry.npm.taobao.org%2Fescalade%2Fdownload%2Fescalade-3.1.1.tgz"
    "version" "3.1.1"
  
  "escape-string-regexp@^1.0.5":
    "integrity" "sha1-G2HAViGQqN/2rjuyzwIAyhMLhtQ="
    "resolved" "https://registry.nlark.com/escape-string-regexp/download/escape-string-regexp-1.0.5.tgz"
    "version" "1.0.5"
  
  "estree-walker@^2.0.1":
    "integrity" "sha1-UvAQF4wqTBF6d1fP6UKtt9LaTKw="
    "resolved" "https://registry.npm.taobao.org/estree-walker/download/estree-walker-2.0.2.tgz"
    "version" "2.0.2"
  
  "fast-glob@^3.2.5":
    "integrity" "sha1-eTmvKmVt55pPGQGQPuityqfLlmE="
    "resolved" "https://registry.npm.taobao.org/fast-glob/download/fast-glob-3.2.5.tgz?cache=0&sync_timestamp=1610876574130&other_urls=https%3A%2F%2Fregistry.npm.taobao.org%2Ffast-glob%2Fdownload%2Ffast-glob-3.2.5.tgz"
    "version" "3.2.5"
    dependencies:
      "@nodelib/fs.stat" "^2.0.2"
      "@nodelib/fs.walk" "^1.2.3"
      "glob-parent" "^5.1.0"
      "merge2" "^1.3.0"
      "micromatch" "^4.0.2"
      "picomatch" "^2.2.1"
  
  "fastq@^1.6.0":
    "integrity" "sha1-u5+5VaBxMKkY62PB9RYcwypdCFg="
    "resolved" "https://registry.npm.taobao.org/fastq/download/fastq-1.11.0.tgz"
    "version" "1.11.0"
    dependencies:
      "reusify" "^1.0.4"
  
  "fill-range@^7.0.1":
    "integrity" "sha1-GRmmp8df44ssfHflGYU12prN2kA="
    "resolved" "https://registry.npm.taobao.org/fill-range/download/fill-range-7.0.1.tgz"
    "version" "7.0.1"
    dependencies:
      "to-regex-range" "^5.0.1"
  
  "fraction.js@^4.1.1":
    "integrity" "sha1-rE5SBHPa5nAS1hiquR7aCby0AP8="
    "resolved" "https://registry.nlark.com/fraction.js/download/fraction.js-4.1.1.tgz"
    "version" "4.1.1"
  
  "fs-extra@^10.0.0":
    "integrity" "sha1-n/YbZV3eU/s0qC34S7IUzoAuF8E="
    "resolved" "https://registry.nlark.com/fs-extra/download/fs-extra-10.0.0.tgz"
    "version" "10.0.0"
    dependencies:
      "graceful-fs" "^4.2.0"
      "jsonfile" "^6.0.1"
      "universalify" "^2.0.0"
  
  "fs.realpath@^1.0.0":
    "integrity" "sha1-FQStJSMVjKpA20onh8sBQRmU6k8="
    "resolved" "https://registry.npm.taobao.org/fs.realpath/download/fs.realpath-1.0.0.tgz"
    "version" "1.0.0"
  
  "fsevents@~2.3.2":
    "integrity" "sha1-ilJveLj99GI7cJ4Ll1xSwkwC/Ro="
    "resolved" "https://registry.npm.taobao.org/fsevents/download/fsevents-2.3.2.tgz?cache=0&sync_timestamp=1612536512306&other_urls=https%3A%2F%2Fregistry.npm.taobao.org%2Ffsevents%2Fdownload%2Ffsevents-2.3.2.tgz"
    "version" "2.3.2"
  
  "function-bind@^1.1.1":
    "integrity" "sha1-pWiZ0+o8m6uHS7l3O3xe3pL0iV0="
    "resolved" "https://registry.npm.taobao.org/function-bind/download/function-bind-1.1.1.tgz"
    "version" "1.1.1"
  
  "generic-names@^2.0.1":
    "integrity" "sha1-+KN46tLMqno08DF7BVVIMq5BuHI="
    "resolved" "https://registry.npm.taobao.org/generic-names/download/generic-names-2.0.1.tgz"
    "version" "2.0.1"
    dependencies:
      "loader-utils" "^1.1.0"
  
  "glob-parent@^5.1.0":
    "integrity" "sha1-hpgyxYA0/mikCTwX3BXoNA2EAcQ="
    "resolved" "https://registry.nlark.com/glob-parent/download/glob-parent-5.1.2.tgz?cache=0&sync_timestamp=1620073245729&other_urls=https%3A%2F%2Fregistry.nlark.com%2Fglob-parent%2Fdownload%2Fglob-parent-5.1.2.tgz"
    "version" "5.1.2"
    dependencies:
      "is-glob" "^4.0.1"
  
  "glob-parent@^6.0.0":
    "integrity" "sha1-+FG1mziOeI86RNY/q1A4KyhZwzw="
    "resolved" "https://registry.nlark.com/glob-parent/download/glob-parent-6.0.0.tgz?cache=0&sync_timestamp=1620073245729&other_urls=https%3A%2F%2Fregistry.nlark.com%2Fglob-parent%2Fdownload%2Fglob-parent-6.0.0.tgz"
    "version" "6.0.0"
    dependencies:
      "is-glob" "^4.0.1"
  
  "glob-parent@~5.1.2":
    "integrity" "sha1-hpgyxYA0/mikCTwX3BXoNA2EAcQ="
    "resolved" "https://registry.nlark.com/glob-parent/download/glob-parent-5.1.2.tgz?cache=0&sync_timestamp=1620073245729&other_urls=https%3A%2F%2Fregistry.nlark.com%2Fglob-parent%2Fdownload%2Fglob-parent-5.1.2.tgz"
    "version" "5.1.2"
    dependencies:
      "is-glob" "^4.0.1"
  
  "glob@^7.0.0", "glob@^7.1.3":
    "integrity" "sha1-Oxk+kjPwHULQs/eClLvutBj5SpA="
    "resolved" "https://registry.nlark.com/glob/download/glob-7.1.7.tgz?cache=0&sync_timestamp=1620337382269&other_urls=https%3A%2F%2Fregistry.nlark.com%2Fglob%2Fdownload%2Fglob-7.1.7.tgz"
    "version" "7.1.7"
    dependencies:
      "fs.realpath" "^1.0.0"
      "inflight" "^1.0.4"
      "inherits" "2"
      "minimatch" "^3.0.4"
      "once" "^1.3.0"
      "path-is-absolute" "^1.0.0"
  
  "graceful-fs@^4.1.6", "graceful-fs@^4.2.0":
    "integrity" "sha1-/wQLKwhTsjw9MQJ1I3BvGIXXa+4="
    "resolved" "https://registry.npm.taobao.org/graceful-fs/download/graceful-fs-4.2.6.tgz"
    "version" "4.2.6"
  
  "has-flag@^3.0.0":
    "integrity" "sha1-tdRU3CGZriJWmfNGfloH87lVuv0="
    "resolved" "https://registry.npm.taobao.org/has-flag/download/has-flag-3.0.0.tgz"
    "version" "3.0.0"
  
  "has-flag@^4.0.0":
    "integrity" "sha1-lEdx/ZyByBJlxNaUGGDaBrtZR5s="
    "resolved" "https://registry.npm.taobao.org/has-flag/download/has-flag-4.0.0.tgz"
    "version" "4.0.0"
  
  "has@^1.0.3":
    "integrity" "sha1-ci18v8H2qoJB8W3YFOAR4fQeh5Y="
    "resolved" "https://registry.npm.taobao.org/has/download/has-1.0.3.tgz"
    "version" "1.0.3"
    dependencies:
      "function-bind" "^1.1.1"
  
  "hash-sum@^2.0.0":
    "integrity" "sha1-gdAbtd6OpKIUrV1urRtSNGCwtFo="
    "resolved" "https://registry.nlark.com/hash-sum/download/hash-sum-2.0.0.tgz"
    "version" "2.0.0"
  
  "html-tags@^3.1.0":
    "integrity" "sha1-e15vfmZen7QfMAB+2eDUHpf7IUA="
    "resolved" "https://registry.nlark.com/html-tags/download/html-tags-3.1.0.tgz?cache=0&other_urls=https%3A%2F%2Fregistry.nlark.com%2Fhtml-tags%2Fdownload%2Fhtml-tags-3.1.0.tgz"
    "version" "3.1.0"
  
  "icss-replace-symbols@^1.1.0":
    "integrity" "sha1-Bupvg2ead0njhs/h/oEq5dsiPe0="
    "resolved" "https://registry.npm.taobao.org/icss-replace-symbols/download/icss-replace-symbols-1.1.0.tgz"
    "version" "1.1.0"
  
  "icss-utils@^5.0.0":
    "integrity" "sha1-xr5oWKvQE9do6YNmrkfiXViHsa4="
    "resolved" "https://registry.npm.taobao.org/icss-utils/download/icss-utils-5.1.0.tgz?cache=0&sync_timestamp=1605801312995&other_urls=https%3A%2F%2Fregistry.npm.taobao.org%2Ficss-utils%2Fdownload%2Ficss-utils-5.1.0.tgz"
    "version" "5.1.0"
  
  "import-cwd@^3.0.0":
    "integrity" "sha1-IIRVR3GAFRJuqbNna3WS+4vUz5I="
    "resolved" "https://registry.npm.taobao.org/import-cwd/download/import-cwd-3.0.0.tgz"
    "version" "3.0.0"
    dependencies:
      "import-from" "^3.0.0"
  
  "import-fresh@^3.2.1":
    "integrity" "sha1-NxYsJfy566oublPVtNiM4X2eDCs="
    "resolved" "https://registry.npm.taobao.org/import-fresh/download/import-fresh-3.3.0.tgz?cache=0&sync_timestamp=1608469561643&other_urls=https%3A%2F%2Fregistry.npm.taobao.org%2Fimport-fresh%2Fdownload%2Fimport-fresh-3.3.0.tgz"
    "version" "3.3.0"
    dependencies:
      "parent-module" "^1.0.0"
      "resolve-from" "^4.0.0"
  
  "import-from@^3.0.0":
    "integrity" "sha1-BVz+w4zVon2AV8pRN219O/CJGWY="
    "resolved" "https://registry.nlark.com/import-from/download/import-from-3.0.0.tgz"
    "version" "3.0.0"
    dependencies:
      "resolve-from" "^5.0.0"
  
  "inflight@^1.0.4":
    "integrity" "sha1-Sb1jMdfQLQwJvJEKEHW6gWW1bfk="
    "resolved" "https://registry.npm.taobao.org/inflight/download/inflight-1.0.6.tgz"
    "version" "1.0.6"
    dependencies:
      "once" "^1.3.0"
      "wrappy" "1"
  
  "inherits@2":
    "integrity" "sha1-D6LGT5MpF8NDOg3tVTY6rjdBa3w="
    "resolved" "https://registry.npm.taobao.org/inherits/download/inherits-2.0.4.tgz"
    "version" "2.0.4"
  
  "is-arrayish@^0.2.1":
    "integrity" "sha1-d8mYQFJ6qOyxqLppe4BkWnqSap0="
    "resolved" "https://registry.npm.taobao.org/is-arrayish/download/is-arrayish-0.2.1.tgz"
    "version" "0.2.1"
  
  "is-arrayish@^0.3.1":
    "integrity" "sha1-RXSirlb3qyBolvtDHq7tBm/fjwM="
    "resolved" "https://registry.npm.taobao.org/is-arrayish/download/is-arrayish-0.3.2.tgz"
    "version" "0.3.2"
  
  "is-binary-path@~2.1.0":
    "integrity" "sha1-6h9/O4DwZCNug0cPhsCcJU+0Wwk="
    "resolved" "https://registry.npm.taobao.org/is-binary-path/download/is-binary-path-2.1.0.tgz"
    "version" "2.1.0"
    dependencies:
      "binary-extensions" "^2.0.0"
  
  "is-core-module@^2.2.0":
    "integrity" "sha1-jp/I4VAnsBFBgCbpjw5vTYYwXME="
    "resolved" "https://registry.nlark.com/is-core-module/download/is-core-module-2.4.0.tgz?cache=0&sync_timestamp=1620592629366&other_urls=https%3A%2F%2Fregistry.nlark.com%2Fis-core-module%2Fdownload%2Fis-core-module-2.4.0.tgz"
    "version" "2.4.0"
    dependencies:
      "has" "^1.0.3"
  
  "is-extglob@^2.1.1":
    "integrity" "sha1-qIwCU1eR8C7TfHahueqXc8gz+MI="
    "resolved" "https://registry.npm.taobao.org/is-extglob/download/is-extglob-2.1.1.tgz"
    "version" "2.1.1"
  
  "is-glob@^4.0.1", "is-glob@~4.0.1":
    "integrity" "sha1-dWfb6fL14kZ7x3q4PEopSCQHpdw="
    "resolved" "https://registry.npm.taobao.org/is-glob/download/is-glob-4.0.1.tgz"
    "version" "4.0.1"
    dependencies:
      "is-extglob" "^2.1.1"
  
  "is-number@^7.0.0":
    "integrity" "sha1-dTU0W4lnNNX4DE0GxQlVUnoU8Ss="
    "resolved" "https://registry.npm.taobao.org/is-number/download/is-number-7.0.0.tgz"
    "version" "7.0.0"
  
  "is-plain-object@3.0.1":
    "integrity" "sha1-Zi2S0kwKpDAkB7DUXSHyJRyF+Fs="
    "resolved" "https://registry.npm.taobao.org/is-plain-object/download/is-plain-object-3.0.1.tgz"
    "version" "3.0.1"
  
  "js-tokens@^3.0.0 || ^4.0.0", "js-tokens@^4.0.0":
    "integrity" "sha1-GSA/tZmR35jjoocFDUZHzerzJJk="
    "resolved" "https://registry.nlark.com/js-tokens/download/js-tokens-4.0.0.tgz?cache=0&sync_timestamp=1619345098261&other_urls=https%3A%2F%2Fregistry.nlark.com%2Fjs-tokens%2Fdownload%2Fjs-tokens-4.0.0.tgz"
    "version" "4.0.0"
  
  "json-parse-even-better-errors@^2.3.0":
    "integrity" "sha1-fEeAWpQxmSjgV3dAXcEuH3pO4C0="
    "resolved" "https://registry.npm.taobao.org/json-parse-even-better-errors/download/json-parse-even-better-errors-2.3.1.tgz"
    "version" "2.3.1"
  
  "json5@^1.0.1":
    "integrity" "sha1-d5+wAYYE+oVOrL9iUhgNg1Q+Pb4="
    "resolved" "https://registry.npm.taobao.org/json5/download/json5-1.0.1.tgz"
    "version" "1.0.1"
    dependencies:
      "minimist" "^1.2.0"
  
  "jsonfile@^6.0.1":
    "integrity" "sha1-vFWyY0eTxnnsZAMJTrE2mKbsCq4="
    "resolved" "https://registry.npm.taobao.org/jsonfile/download/jsonfile-6.1.0.tgz?cache=0&sync_timestamp=1604161797011&other_urls=https%3A%2F%2Fregistry.npm.taobao.org%2Fjsonfile%2Fdownload%2Fjsonfile-6.1.0.tgz"
    "version" "6.1.0"
    dependencies:
      "graceful-fs" "^4.1.6"
      "universalify" "^2.0.0"
    optionalDependencies:
      "graceful-fs" "^4.1.6"
  
  "lilconfig@^2.0.3":
    "integrity" "sha1-aPMAXpIdr70qKvtIN5mGqm0lef0="
    "resolved" "https://registry.nlark.com/lilconfig/download/lilconfig-2.0.3.tgz"
    "version" "2.0.3"
  
  "lines-and-columns@^1.1.6":
    "integrity" "sha1-HADHQ7QzzQpOgHWPe2SldEDZ/wA="
    "resolved" "https://registry.npm.taobao.org/lines-and-columns/download/lines-and-columns-1.1.6.tgz"
    "version" "1.1.6"
  
  "loader-utils@^1.1.0":
    "integrity" "sha1-xXm140yzSxp07cbB+za/o3HVphM="
    "resolved" "https://registry.npm.taobao.org/loader-utils/download/loader-utils-1.4.0.tgz"
    "version" "1.4.0"
    dependencies:
      "big.js" "^5.2.2"
      "emojis-list" "^3.0.0"
      "json5" "^1.0.1"
  
  "lodash-es@^4.17.15":
    "integrity" "sha1-Q+YmxG5lkbd1C+srUBFzkMYJ4+4="
    "resolved" "https://registry.npm.taobao.org/lodash-es/download/lodash-es-4.17.21.tgz"
    "version" "4.17.21"
  
  "lodash.camelcase@^4.3.0":
    "integrity" "sha1-soqmKIorn8ZRA1x3EfZathkDMaY="
    "resolved" "https://registry.nlark.com/lodash.camelcase/download/lodash.camelcase-4.3.0.tgz"
    "version" "4.3.0"
  
  "lodash.toarray@^4.4.0":
    "integrity" "sha1-JMS/zWsvuji/0FlNsRedjptlZWE="
    "resolved" "https://registry.npm.taobao.org/lodash.toarray/download/lodash.toarray-4.4.0.tgz"
    "version" "4.4.0"
  
  "lodash.topath@^4.5.2":
    "integrity" "sha1-NhY1Hzu6YZlKCTGYlmC9AyVP0Ak="
    "resolved" "https://registry.npm.taobao.org/lodash.topath/download/lodash.topath-4.5.2.tgz"
    "version" "4.5.2"
  
  "lodash@^4.17.15", "lodash@^4.17.21":
    "integrity" "sha1-Z5WRxWTDv/quhFTPCz3zcMPWkRw="
    "resolved" "https://registry.npm.taobao.org/lodash/download/lodash-4.17.21.tgz?cache=0&sync_timestamp=1613835838133&other_urls=https%3A%2F%2Fregistry.npm.taobao.org%2Flodash%2Fdownload%2Flodash-4.17.21.tgz"
    "version" "4.17.21"
  
  "loose-envify@^1.0.0":
    "integrity" "sha1-ce5R+nvkyuwaY4OffmgtgTLTDK8="
    "resolved" "https://registry.npm.taobao.org/loose-envify/download/loose-envify-1.4.0.tgz"
    "version" "1.4.0"
    dependencies:
      "js-tokens" "^3.0.0 || ^4.0.0"
  
  "lru-cache@^5.1.1":
    "integrity" "sha1-HaJ+ZxAnGUdpXa9oSOhH8B2EuSA="
    "resolved" "https://registry.npm.taobao.org/lru-cache/download/lru-cache-5.1.1.tgz"
    "version" "5.1.1"
    dependencies:
      "yallist" "^3.0.2"
  
  "magic-string@^0.25.7":
    "integrity" "sha1-P0l9b9NMZpxnmNy4IfLvMfVEUFE="
    "resolved" "https://registry.npm.taobao.org/magic-string/download/magic-string-0.25.7.tgz"
    "version" "0.25.7"
    dependencies:
      "sourcemap-codec" "^1.4.4"
  
  "make-error@^1.1.1":
    "integrity" "sha1-LrLjfqm2fEiR9oShOUeZr0hM96I="
    "resolved" "https://registry.npm.taobao.org/make-error/download/make-error-1.3.6.tgz"
    "version" "1.3.6"
  
  "merge-source-map@^1.1.0":
    "integrity" "sha1-L93n5gIJOfcJBqaPLXrmheTIxkY="
    "resolved" "https://registry.npm.taobao.org/merge-source-map/download/merge-source-map-1.1.0.tgz"
    "version" "1.1.0"
    dependencies:
      "source-map" "^0.6.1"
  
  "merge2@^1.3.0":
    "integrity" "sha1-Q2iJL4hekHRVpv19xVwMnUBJkK4="
    "resolved" "https://registry.npm.taobao.org/merge2/download/merge2-1.4.1.tgz"
    "version" "1.4.1"
  
  "micromatch@^4.0.2":
    "integrity" "sha1-iW1Rnf6dsl/OlM63pQCRm/iB6/k="
    "resolved" "https://registry.npm.taobao.org/micromatch/download/micromatch-4.0.4.tgz?cache=0&sync_timestamp=1618054885525&other_urls=https%3A%2F%2Fregistry.npm.taobao.org%2Fmicromatch%2Fdownload%2Fmicromatch-4.0.4.tgz"
    "version" "4.0.4"
    dependencies:
      "braces" "^3.0.1"
      "picomatch" "^2.2.3"
  
  "minimatch@^3.0.4":
    "integrity" "sha1-UWbihkV/AzBgZL5Ul+jbsMPTIIM="
    "resolved" "https://registry.npm.taobao.org/minimatch/download/minimatch-3.0.4.tgz"
    "version" "3.0.4"
    dependencies:
      "brace-expansion" "^1.1.7"
  
  "minimist@^1.1.1", "minimist@^1.2.0":
    "integrity" "sha1-Z9ZgFLZqaoqqDAg8X9WN9OTpdgI="
    "resolved" "https://registry.npm.taobao.org/minimist/download/minimist-1.2.5.tgz"
    "version" "1.2.5"
  
  "modern-normalize@^1.1.0":
    "integrity" "sha1-2o6AFA2SIUJr1PclxuESg9NPkLc="
    "resolved" "https://registry.nlark.com/modern-normalize/download/modern-normalize-1.1.0.tgz"
    "version" "1.1.0"
  
  "moment@^2.27.0":
    "integrity" "sha1-sr52n6MZQL6e7qZGnAdeNQBvo9M="
    "resolved" "https://registry.nlark.com/moment/download/moment-2.29.1.tgz"
    "version" "2.29.1"
  
  "nanoid@^3.1.23":
    "integrity" "sha1-90QIbOfCvEfuCoRyV01ceOQYOoE="
    "resolved" "https://registry.nlark.com/nanoid/download/nanoid-3.1.23.tgz"
    "version" "3.1.23"
  
  "nanopop@^2.1.0":
    "integrity" "sha1-I0dlE87iQFiIr9LopLVAZrcLnmA="
    "resolved" "https://registry.nlark.com/nanopop/download/nanopop-2.1.0.tgz"
    "version" "2.1.0"
  
  "node-emoji@^1.8.1":
    "integrity" "sha1-iIar0l2ce7YYAqZYUj0fjSqJsto="
    "resolved" "https://registry.npm.taobao.org/node-emoji/download/node-emoji-1.10.0.tgz"
    "version" "1.10.0"
    dependencies:
      "lodash.toarray" "^4.4.0"
  
  "node-releases@^1.1.71":
    "integrity" "sha1-3U6B3dUnf/hGuAtSu0DEnt96eyA="
    "resolved" "https://registry.nlark.com/node-releases/download/node-releases-1.1.73.tgz?cache=0&sync_timestamp=1623060224459&other_urls=https%3A%2F%2Fregistry.nlark.com%2Fnode-releases%2Fdownload%2Fnode-releases-1.1.73.tgz"
    "version" "1.1.73"
  
  "normalize-path@^3.0.0", "normalize-path@~3.0.0":
    "integrity" "sha1-Dc1p/yOhybEf0JeDFmRKA4ghamU="
    "resolved" "https://registry.npm.taobao.org/normalize-path/download/normalize-path-3.0.0.tgz"
    "version" "3.0.0"
  
  "normalize-range@^0.1.2":
    "integrity" "sha1-LRDAa9/TEuqXd2laTShDlFa3WUI="
    "resolved" "https://registry.npm.taobao.org/normalize-range/download/normalize-range-0.1.2.tgz"
    "version" "0.1.2"
  
  "object-hash@^2.2.0":
    "integrity" "sha1-WtUYWB7vxEO9djRyuP8unCwNVKU="
    "resolved" "https://registry.nlark.com/object-hash/download/object-hash-2.2.0.tgz"
    "version" "2.2.0"
  
  "omit.js@^2.0.0":
    "integrity" "sha1-3ZuENvq5R6Xz/yFMslOGMeMT7C8="
    "resolved" "https://registry.npm.taobao.org/omit.js/download/omit.js-2.0.2.tgz"
    "version" "2.0.2"
  
  "once@^1.3.0":
    "integrity" "sha1-WDsap3WWHUsROsF9nFC6753Xa9E="
    "resolved" "https://registry.npm.taobao.org/once/download/once-1.4.0.tgz"
    "version" "1.4.0"
    dependencies:
      "wrappy" "1"
  
  "parent-module@^1.0.0":
    "integrity" "sha1-aR0nCeeMefrjoVZiJFLQB2LKqqI="
    "resolved" "https://registry.npm.taobao.org/parent-module/download/parent-module-1.0.1.tgz"
    "version" "1.0.1"
    dependencies:
      "callsites" "^3.0.0"
  
  "parse-json@^5.0.0":
    "integrity" "sha1-x2/Gbe5UIxyWKyK8yKcs8vmXU80="
    "resolved" "https://registry.npm.taobao.org/parse-json/download/parse-json-5.2.0.tgz?cache=0&sync_timestamp=1610966631829&other_urls=https%3A%2F%2Fregistry.npm.taobao.org%2Fparse-json%2Fdownload%2Fparse-json-5.2.0.tgz"
    "version" "5.2.0"
    dependencies:
      "@babel/code-frame" "^7.0.0"
      "error-ex" "^1.3.1"
      "json-parse-even-better-errors" "^2.3.0"
      "lines-and-columns" "^1.1.6"
  
  "path-is-absolute@^1.0.0":
    "integrity" "sha1-F0uSaHNVNP+8es5r9TpanhtcX18="
    "resolved" "https://registry.npm.taobao.org/path-is-absolute/download/path-is-absolute-1.0.1.tgz"
    "version" "1.0.1"
  
  "path-parse@^1.0.6":
    "integrity" "sha1-+8EUtgykKzDZ2vWFjkvWi77bZzU="
    "resolved" "https://registry.nlark.com/path-parse/download/path-parse-1.0.7.tgz"
    "version" "1.0.7"
  
  "path-type@^4.0.0":
    "integrity" "sha1-hO0BwKe6OAr+CdkKjBgNzZ0DBDs="
    "resolved" "https://registry.npm.taobao.org/path-type/download/path-type-4.0.0.tgz?cache=0&sync_timestamp=1611752015315&other_urls=https%3A%2F%2Fregistry.npm.taobao.org%2Fpath-type%2Fdownload%2Fpath-type-4.0.0.tgz"
    "version" "4.0.0"
  
  "picomatch@^2.0.4", "picomatch@^2.2.1", "picomatch@^2.2.3":
    "integrity" "sha1-8fBh3o9qS/AiiS4tEoI0+5gwKXI="
    "resolved" "https://registry.nlark.com/picomatch/download/picomatch-2.3.0.tgz"
    "version" "2.3.0"
  
  "postcss-js@^3.0.3":
    "integrity" "sha1-LwvTcKLoWZ1FQ59pcEA7WHOr2jM="
    "resolved" "https://registry.npm.taobao.org/postcss-js/download/postcss-js-3.0.3.tgz"
    "version" "3.0.3"
    dependencies:
      "camelcase-css" "^2.0.1"
      "postcss" "^8.1.6"
  
  "postcss-load-config@^3.1.0":
    "integrity" "sha1-05xHCRxK7Df1AnI3OmpkjvXpeCk="
    "resolved" "https://registry.nlark.com/postcss-load-config/download/postcss-load-config-3.1.0.tgz"
    "version" "3.1.0"
    dependencies:
      "import-cwd" "^3.0.0"
      "lilconfig" "^2.0.3"
      "yaml" "^1.10.2"
  
  "postcss-modules-extract-imports@^3.0.0":
    "integrity" "sha1-zaHwR8CugMl9vijD52pDuIAldB0="
    "resolved" "https://registry.npm.taobao.org/postcss-modules-extract-imports/download/postcss-modules-extract-imports-3.0.0.tgz"
    "version" "3.0.0"
  
  "postcss-modules-local-by-default@^4.0.0":
    "integrity" "sha1-67tU+uFZjuz99pGgKz/zs5ClpRw="
    "resolved" "https://registry.npm.taobao.org/postcss-modules-local-by-default/download/postcss-modules-local-by-default-4.0.0.tgz"
    "version" "4.0.0"
    dependencies:
      "icss-utils" "^5.0.0"
      "postcss-selector-parser" "^6.0.2"
      "postcss-value-parser" "^4.1.0"
  
  "postcss-modules-scope@^3.0.0":
    "integrity" "sha1-nvMVFFbTu/oSDKRImN/Kby+gHwY="
    "resolved" "https://registry.npm.taobao.org/postcss-modules-scope/download/postcss-modules-scope-3.0.0.tgz"
    "version" "3.0.0"
    dependencies:
      "postcss-selector-parser" "^6.0.4"
  
  "postcss-modules-values@^4.0.0":
    "integrity" "sha1-18Xn5ow7s8myfL9Iyguz/7RgLJw="
    "resolved" "https://registry.npm.taobao.org/postcss-modules-values/download/postcss-modules-values-4.0.0.tgz"
    "version" "4.0.0"
    dependencies:
      "icss-utils" "^5.0.0"
  
  "postcss-modules@^4.0.0":
    "integrity" "sha1-xMTEHZjZfSTHDojaz8l69aSz4h0="
    "resolved" "https://registry.nlark.com/postcss-modules/download/postcss-modules-4.1.3.tgz"
    "version" "4.1.3"
    dependencies:
      "generic-names" "^2.0.1"
      "icss-replace-symbols" "^1.1.0"
      "lodash.camelcase" "^4.3.0"
      "postcss-modules-extract-imports" "^3.0.0"
      "postcss-modules-local-by-default" "^4.0.0"
      "postcss-modules-scope" "^3.0.0"
      "postcss-modules-values" "^4.0.0"
      "string-hash" "^1.1.1"
  
  "postcss-nested@5.0.5":
    "integrity" "sha1-8KEH0zqfqxHXY3IF9TIeJyI+NgM="
    "resolved" "https://registry.npm.taobao.org/postcss-nested/download/postcss-nested-5.0.5.tgz"
    "version" "5.0.5"
    dependencies:
      "postcss-selector-parser" "^6.0.4"
  
  "postcss-selector-parser@^6.0.2", "postcss-selector-parser@^6.0.4", "postcss-selector-parser@^6.0.6":
    "integrity" "sha1-LFu6gXSsL2mBq2MaQqsO5UrzMuo="
    "resolved" "https://registry.nlark.com/postcss-selector-parser/download/postcss-selector-parser-6.0.6.tgz?cache=0&sync_timestamp=1620752924836&other_urls=https%3A%2F%2Fregistry.nlark.com%2Fpostcss-selector-parser%2Fdownload%2Fpostcss-selector-parser-6.0.6.tgz"
    "version" "6.0.6"
    dependencies:
      "cssesc" "^3.0.0"
      "util-deprecate" "^1.0.2"
  
  "postcss-value-parser@^3.3.0":
    "integrity" "sha1-n/giVH4okyE88cMO+lGsX9G6goE="
    "resolved" "https://registry.npm.taobao.org/postcss-value-parser/download/postcss-value-parser-3.3.1.tgz"
    "version" "3.3.1"
  
  "postcss-value-parser@^4.1.0":
    "integrity" "sha1-RD9qIM7WSBor2k+oUypuVdeJoss="
    "resolved" "https://registry.npm.taobao.org/postcss-value-parser/download/postcss-value-parser-4.1.0.tgz"
    "version" "4.1.0"
  
  "postcss@^8.0.0", "postcss@^8.0.9", "postcss@^8.1.0", "postcss@^8.1.10", "postcss@^8.1.13", "postcss@^8.1.6", "postcss@^8.2.1", "postcss@^8.3.4":
    "integrity" "sha1-mCIWsRNBK8IKhiiekeuZSVKltwk="
    "resolved" "https://registry.nlark.com/postcss/download/postcss-8.3.5.tgz"
    "version" "8.3.5"
    dependencies:
      "colorette" "^1.2.2"
      "nanoid" "^3.1.23"
      "source-map-js" "^0.6.2"
  
  "pretty-hrtime@^1.0.3":
    "integrity" "sha1-t+PqQkNaTJsnWdmeDyAesZWALuE="
    "resolved" "https://registry.npm.taobao.org/pretty-hrtime/download/pretty-hrtime-1.0.3.tgz"
    "version" "1.0.3"
  
  "purgecss@^4.0.3":
    "integrity" "sha1-gUe0KfnAnbcZ4F1kkI6otnKRN0I="
    "resolved" "https://registry.npm.taobao.org/purgecss/download/purgecss-4.0.3.tgz"
    "version" "4.0.3"
    dependencies:
      "commander" "^6.0.0"
      "glob" "^7.0.0"
      "postcss" "^8.2.1"
      "postcss-selector-parser" "^6.0.2"
  
  "queue-microtask@^1.2.2":
    "integrity" "sha1-SSkii7xyTfrEPg77BYyve2z7YkM="
    "resolved" "https://registry.nlark.com/queue-microtask/download/queue-microtask-1.2.3.tgz"
    "version" "1.2.3"
  
  "quick-lru@^5.1.1":
    "integrity" "sha1-NmST5rPkKjpoheLpnRj4D7eoyTI="
    "resolved" "https://registry.npm.taobao.org/quick-lru/download/quick-lru-5.1.1.tgz?cache=0&sync_timestamp=1610610459445&other_urls=https%3A%2F%2Fregistry.npm.taobao.org%2Fquick-lru%2Fdownload%2Fquick-lru-5.1.1.tgz"
    "version" "5.1.1"
  
  "readdirp@~3.6.0":
    "integrity" "sha1-dKNwvYVxFuJFspzJc0DNQxoCpsc="
    "resolved" "https://registry.npm.taobao.org/readdirp/download/readdirp-3.6.0.tgz"
    "version" "3.6.0"
    dependencies:
      "picomatch" "^2.2.1"
  
  "reduce-css-calc@^2.1.8":
    "integrity" "sha1-fvh2GijWFJgNwMmC93LJP3qZ3gM="
    "resolved" "https://registry.npm.taobao.org/reduce-css-calc/download/reduce-css-calc-2.1.8.tgz"
    "version" "2.1.8"
    dependencies:
      "css-unit-converter" "^1.1.1"
      "postcss-value-parser" "^3.3.0"
  
  "regenerator-runtime@^0.13.4":
    "integrity" "sha1-ysLazIoepnX+qrrriugziYrkb1U="
    "resolved" "https://registry.npm.taobao.org/regenerator-runtime/download/regenerator-runtime-0.13.7.tgz"
    "version" "0.13.7"
  
  "resize-observer-polyfill@^1.5.1":
    "integrity" "sha1-DpAg3T0hAkRY1OvSfiPkAmmBBGQ="
    "resolved" "https://registry.npm.taobao.org/resize-observer-polyfill/download/resize-observer-polyfill-1.5.1.tgz"
    "version" "1.5.1"
  
  "resolve-from@^4.0.0":
    "integrity" "sha1-SrzYUq0y3Xuqv+m0DgCjbbXzkuY="
    "resolved" "https://registry.nlark.com/resolve-from/download/resolve-from-4.0.0.tgz"
    "version" "4.0.0"
  
  "resolve-from@^5.0.0":
    "integrity" "sha1-w1IlhD3493bfIcV1V7wIfp39/Gk="
    "resolved" "https://registry.nlark.com/resolve-from/download/resolve-from-5.0.0.tgz"
    "version" "5.0.0"
  
  "resolve@^1.20.0":
    "integrity" "sha1-YpoBP7P3B1XW8LeTXMHCxTeLGXU="
    "resolved" "https://registry.npm.taobao.org/resolve/download/resolve-1.20.0.tgz?cache=0&sync_timestamp=1613054862388&other_urls=https%3A%2F%2Fregistry.npm.taobao.org%2Fresolve%2Fdownload%2Fresolve-1.20.0.tgz"
    "version" "1.20.0"
    dependencies:
      "is-core-module" "^2.2.0"
      "path-parse" "^1.0.6"
  
  "reusify@^1.0.4":
    "integrity" "sha1-kNo4Kx4SbvwCFG6QhFqI2xKSXXY="
    "resolved" "https://registry.npm.taobao.org/reusify/download/reusify-1.0.4.tgz"
    "version" "1.0.4"
  
  "rimraf@^3.0.0":
    "integrity" "sha1-8aVAK6YiCtUswSgrrBrjqkn9Bho="
    "resolved" "https://registry.npm.taobao.org/rimraf/download/rimraf-3.0.2.tgz?cache=0&sync_timestamp=1614946161596&other_urls=https%3A%2F%2Fregistry.npm.taobao.org%2Frimraf%2Fdownload%2Frimraf-3.0.2.tgz"
    "version" "3.0.2"
    dependencies:
      "glob" "^7.1.3"
  
  "rollup@^2.38.5":
    "integrity" "sha1-Bi/DyF9nc21nWHSTEM/uZINsTio="
    "resolved" "https://registry.nlark.com/rollup/download/rollup-2.52.3.tgz?cache=0&sync_timestamp=1624627360389&other_urls=https%3A%2F%2Fregistry.nlark.com%2Frollup%2Fdownload%2Frollup-2.52.3.tgz"
    "version" "2.52.3"
    dependencies:
      "fsevents" "~2.3.2"
    optionalDependencies:
      "fsevents" "~2.3.2"
  
  "run-parallel@^1.1.9":
    "integrity" "sha1-ZtE2jae9+SHrnZW9GpIp5/IaQ+4="
    "resolved" "https://registry.npm.taobao.org/run-parallel/download/run-parallel-1.2.0.tgz?cache=0&sync_timestamp=1612925912322&other_urls=https%3A%2F%2Fregistry.npm.taobao.org%2Frun-parallel%2Fdownload%2Frun-parallel-1.2.0.tgz"
    "version" "1.2.0"
    dependencies:
      "queue-microtask" "^1.2.2"
  
  "scroll-into-view-if-needed@^2.2.25":
    "integrity" "sha1-WhWy9YpSZCyIyOylhGROAXA9ZFo="
    "resolved" "https://registry.npm.taobao.org/scroll-into-view-if-needed/download/scroll-into-view-if-needed-2.2.28.tgz"
    "version" "2.2.28"
    dependencies:
      "compute-scroll-into-view" "^1.0.17"
  
  "shallow-equal@^1.0.0":
    "integrity" "sha1-TBar+lYEOqINBQMk76aJQLDaedo="
    "resolved" "https://registry.npm.taobao.org/shallow-equal/download/shallow-equal-1.2.1.tgz"
    "version" "1.2.1"
  
  "simple-swizzle@^0.2.2":
    "integrity" "sha1-pNprY1/8zMoz9w0Xy5JZLeleVXo="
    "resolved" "https://registry.npm.taobao.org/simple-swizzle/download/simple-swizzle-0.2.2.tgz"
    "version" "0.2.2"
    dependencies:
      "is-arrayish" "^0.3.1"
  
  "source-map-js@^0.6.2":
    "integrity" "sha1-C7XeYxtBz72mz7qL0FqA79/SOF4="
    "resolved" "https://registry.npm.taobao.org/source-map-js/download/source-map-js-0.6.2.tgz"
    "version" "0.6.2"
  
  "source-map-support@^0.5.17":
    "integrity" "sha1-qYti+G3K9PZzmWSMCFKRq56P7WE="
    "resolved" "https://registry.npm.taobao.org/source-map-support/download/source-map-support-0.5.19.tgz"
    "version" "0.5.19"
    dependencies:
      "buffer-from" "^1.0.0"
      "source-map" "^0.6.0"
  
  "source-map@^0.6.0", "source-map@^0.6.1":
    "integrity" "sha1-dHIq8y6WFOnCh6jQu95IteLxomM="
    "resolved" "https://registry.npm.taobao.org/source-map/download/source-map-0.6.1.tgz"
    "version" "0.6.1"
  
  "sourcemap-codec@^1.4.4":
    "integrity" "sha1-6oBL2UhXQC5pktBaOO8a41qatMQ="
    "resolved" "https://registry.npm.taobao.org/sourcemap-codec/download/sourcemap-codec-1.4.8.tgz"
    "version" "1.4.8"
  
  "string-hash@^1.1.1":
    "integrity" "sha1-6Kr8CsGFW0Zmkp7X3RJ1311sgRs="
    "resolved" "https://registry.npm.taobao.org/string-hash/download/string-hash-1.1.3.tgz"
    "version" "1.1.3"
  
  "supports-color@^5.3.0":
    "integrity" "sha1-4uaaRKyHcveKHsCzW2id9lMO/I8="
    "resolved" "https://registry.nlark.com/supports-color/download/supports-color-5.5.0.tgz?cache=0&sync_timestamp=1622293670728&other_urls=https%3A%2F%2Fregistry.nlark.com%2Fsupports-color%2Fdownload%2Fsupports-color-5.5.0.tgz"
    "version" "5.5.0"
    dependencies:
      "has-flag" "^3.0.0"
  
  "supports-color@^7.1.0":
    "integrity" "sha1-G33NyzK4E4gBs+R4umpRyqiWSNo="
    "resolved" "https://registry.nlark.com/supports-color/download/supports-color-7.2.0.tgz?cache=0&sync_timestamp=1622293670728&other_urls=https%3A%2F%2Fregistry.nlark.com%2Fsupports-color%2Fdownload%2Fsupports-color-7.2.0.tgz"
    "version" "7.2.0"
    dependencies:
      "has-flag" "^4.0.0"
  
  "tailwindcss@^2.2.4":
    "integrity" "sha1-ai4lmx4mElrqp83EeZY/0hfDCLA="
    "resolved" "https://registry.nlark.com/tailwindcss/download/tailwindcss-2.2.4.tgz"
    "version" "2.2.4"
    dependencies:
      "@fullhuman/postcss-purgecss" "^4.0.3"
      "arg" "^5.0.0"
      "bytes" "^3.0.0"
      "chalk" "^4.1.1"
      "chokidar" "^3.5.2"
      "color" "^3.1.3"
      "cosmiconfig" "^7.0.0"
      "detective" "^5.2.0"
      "didyoumean" "^1.2.1"
      "dlv" "^1.1.3"
      "fast-glob" "^3.2.5"
      "fs-extra" "^10.0.0"
      "glob-parent" "^6.0.0"
      "html-tags" "^3.1.0"
      "is-glob" "^4.0.1"
      "lodash" "^4.17.21"
      "lodash.topath" "^4.5.2"
      "modern-normalize" "^1.1.0"
      "node-emoji" "^1.8.1"
      "normalize-path" "^3.0.0"
      "object-hash" "^2.2.0"
      "postcss-js" "^3.0.3"
      "postcss-load-config" "^3.1.0"
      "postcss-nested" "5.0.5"
      "postcss-selector-parser" "^6.0.6"
      "postcss-value-parser" "^4.1.0"
      "pretty-hrtime" "^1.0.3"
      "quick-lru" "^5.1.1"
      "reduce-css-calc" "^2.1.8"
      "resolve" "^1.20.0"
      "tmp" "^0.2.1"
  
  "tmp@^0.2.1":
    "integrity" "sha1-hFf8MDfc9HGcJRNnoa9lAO4czxQ="
    "resolved" "https://registry.nlark.com/tmp/download/tmp-0.2.1.tgz?cache=0&sync_timestamp=1618847042301&other_urls=https%3A%2F%2Fregistry.nlark.com%2Ftmp%2Fdownload%2Ftmp-0.2.1.tgz"
    "version" "0.2.1"
    dependencies:
      "rimraf" "^3.0.0"
  
  "to-fast-properties@^2.0.0":
    "integrity" "sha1-3F5pjL0HkmW8c+A3doGk5Og/YW4="
    "resolved" "https://registry.npm.taobao.org/to-fast-properties/download/to-fast-properties-2.0.0.tgz"
    "version" "2.0.0"
  
  "to-regex-range@^5.0.1":
    "integrity" "sha1-FkjESq58jZiKMmAY7XL1tN0DkuQ="
    "resolved" "https://registry.npm.taobao.org/to-regex-range/download/to-regex-range-5.0.1.tgz"
    "version" "5.0.1"
    dependencies:
      "is-number" "^7.0.0"
  
  "ts-node@>=9.0.0":
    "integrity" "sha1-BfELmnFrC2JBKa1E8OoF2shLo74="
    "resolved" "https://registry.nlark.com/ts-node/download/ts-node-10.0.0.tgz?cache=0&sync_timestamp=1621817618947&other_urls=https%3A%2F%2Fregistry.nlark.com%2Fts-node%2Fdownload%2Fts-node-10.0.0.tgz"
    "version" "10.0.0"
    dependencies:
      "@tsconfig/node10" "^1.0.7"
      "@tsconfig/node12" "^1.0.7"
      "@tsconfig/node14" "^1.0.0"
      "@tsconfig/node16" "^1.0.1"
      "arg" "^4.1.0"
      "create-require" "^1.1.0"
      "diff" "^4.0.1"
      "make-error" "^1.1.1"
      "source-map-support" "^0.5.17"
      "yn" "3.1.1"
  
  "tslib@^2.2.0":
    "integrity" "sha1-gDuM2rPhK6WBpMpByIObuw2ssJ4="
    "resolved" "https://registry.nlark.com/tslib/download/tslib-2.3.0.tgz?cache=0&other_urls=https%3A%2F%2Fregistry.nlark.com%2Ftslib%2Fdownload%2Ftslib-2.3.0.tgz"
    "version" "2.3.0"
  
  "typescript@>=2.7":
    "integrity" "sha1-P4W5hpRbzzEHHezdls+L+mX53Lw="
    "resolved" "https://registry.nlark.com/typescript/download/typescript-4.3.4.tgz"
    "version" "4.3.4"
  
  "universalify@^2.0.0":
    "integrity" "sha1-daSYTv7cSwiXXFrrc/Uw0C3yVxc="
    "resolved" "https://registry.npm.taobao.org/universalify/download/universalify-2.0.0.tgz?cache=0&sync_timestamp=1603179967633&other_urls=https%3A%2F%2Fregistry.npm.taobao.org%2Funiversalify%2Fdownload%2Funiversalify-2.0.0.tgz"
    "version" "2.0.0"
  
  "util-deprecate@^1.0.2":
    "integrity" "sha1-RQ1Nyfpw3nMnYvvS1KKJgUGaDM8="
    "resolved" "https://registry.npm.taobao.org/util-deprecate/download/util-deprecate-1.0.2.tgz?cache=0&other_urls=https%3A%2F%2Fregistry.npm.taobao.org%2Futil-deprecate%2Fdownload%2Futil-deprecate-1.0.2.tgz"
    "version" "1.0.2"
  
  "vite@^2.3.8":
    "integrity" "sha1-QuPgOVOFn9QQ5OarPRzKCqsq3Dw="
    "resolved" "https://registry.nlark.com/vite/download/vite-2.3.8.tgz"
    "version" "2.3.8"
    dependencies:
      "esbuild" "^0.12.8"
      "fsevents" "~2.3.2"
      "postcss" "^8.3.4"
      "resolve" "^1.20.0"
      "rollup" "^2.38.5"
    optionalDependencies:
      "fsevents" "~2.3.2"
  
  "vue-router@^4.0.10":
    "integrity" "sha1-7I/aAylJsqMdMnMXD483bobrUqw="
    "resolved" "https://registry.nlark.com/vue-router/download/vue-router-4.0.10.tgz"
    "version" "4.0.10"
    dependencies:
      "@vue/devtools-api" "^6.0.0-beta.14"
  
  "vue-types@^3.0.0":
    "integrity" "sha1-7BbgXUEsA4Ji/B76TOuWR+f7YB0="
    "resolved" "https://registry.nlark.com/vue-types/download/vue-types-3.0.2.tgz?cache=0&sync_timestamp=1623481822879&other_urls=https%3A%2F%2Fregistry.nlark.com%2Fvue-types%2Fdownload%2Fvue-types-3.0.2.tgz"
    "version" "3.0.2"
    dependencies:
      "is-plain-object" "3.0.1"
  
  "vue@^3.0.0", "vue@^3.0.5", "vue@>=3.0.3", "vue@>=3.1.0", "vue@3.1.2":
    "integrity" "sha1-ZH+OOUmj1gB3Hcol1QIl3D5ZTGQ="
    "resolved" "https://registry.nlark.com/vue/download/vue-3.1.2.tgz"
    "version" "3.1.2"
    dependencies:
      "@vue/compiler-dom" "3.1.2"
      "@vue/runtime-dom" "3.1.2"
      "@vue/shared" "3.1.2"
  
  "warning@^4.0.0":
    "integrity" "sha1-Fungd+uKhtavfWSqHgX9hbRnjKM="
    "resolved" "https://registry.npm.taobao.org/warning/download/warning-4.0.3.tgz"
    "version" "4.0.3"
    dependencies:
      "loose-envify" "^1.0.0"
  
  "wrappy@1":
    "integrity" "sha1-tSQ9jz7BqjXxNkYFvA0QNuMKtp8="
    "resolved" "https://registry.nlark.com/wrappy/download/wrappy-1.0.2.tgz?cache=0&sync_timestamp=1619133505879&other_urls=https%3A%2F%2Fregistry.nlark.com%2Fwrappy%2Fdownload%2Fwrappy-1.0.2.tgz"
    "version" "1.0.2"
  
  "xtend@^4.0.2":
    "integrity" "sha1-u3J3n1+kZRhrH0OPZ0+jR/2121Q="
    "resolved" "https://registry.npm.taobao.org/xtend/download/xtend-4.0.2.tgz"
    "version" "4.0.2"
  
  "yallist@^3.0.2":
    "integrity" "sha1-27fa+b/YusmrRev2ArjLrQ1dCP0="
    "resolved" "https://registry.npm.taobao.org/yallist/download/yallist-3.1.1.tgz"
    "version" "3.1.1"
  
  "yaml@^1.10.0", "yaml@^1.10.2":
    "integrity" "sha1-IwHF/78StGfejaIzOkWeKeeSDks="
    "resolved" "https://registry.nlark.com/yaml/download/yaml-1.10.2.tgz?cache=0&sync_timestamp=1623654032636&other_urls=https%3A%2F%2Fregistry.nlark.com%2Fyaml%2Fdownload%2Fyaml-1.10.2.tgz"
    "version" "1.10.2"
  
  "yn@3.1.1":
    "integrity" "sha1-HodAGgnXZ8HV6rJqbkwYUYLS61A="
    "resolved" "https://registry.npm.taobao.org/yn/download/yn-3.1.1.tgz"
    "version" "3.1.1"
